{
  "stats": {
    "suites": 1,
    "tests": 1,
    "passes": 0,
    "pending": 0,
    "failures": 1,
    "start": "2025-02-01T14:35:14.480Z",
    "end": "2025-02-01T14:35:45.843Z",
    "duration": 31363,
    "testsRegistered": 1,
    "passPercent": 0,
    "pendingPercent": 0,
    "other": 0,
    "hasOther": false,
    "skipped": 0,
    "hasSkipped": false
  },
  "results": [
    {
      "uuid": "507706a8-d62f-4afc-92db-abb2a52b5d08",
      "title": "",
      "fullFile": "cypress/e2e/udemy-cypress-egitim/ShadowFind.cy.js",
      "file": "cypress/e2e/udemy-cypress-egitim/ShadowFind.cy.js",
      "beforeHooks": [],
      "afterHooks": [],
      "tests": [],
      "suites": [
        {
          "uuid": "8b182890-ef30-42f8-8e86-ed87c448bc4d",
          "title": "Shadow ve Find Kullanimi",
          "fullFile": "",
          "file": "",
          "beforeHooks": [],
          "afterHooks": [],
          "tests": [
            {
              "title": "Shadow ve Find Kullanimina Ornek Test",
              "fullTitle": "Shadow ve Find Kullanimi Shadow ve Find Kullanimina Ornek Test",
              "timedOut": null,
              "duration": 31284,
              "state": "failed",
              "speed": null,
              "pass": false,
              "fail": true,
              "pending": false,
              "context": "{\n  \"title\": \"cypress-mochawesome-reporter-screenshots\",\n  \"value\": [\n    [\n      \"/udemy-cypress-egitim/ShadowFind.cy.js/Shadow ve Find Kullanimi -- Shadow ve Find Kullanimina Ornek Test (failed).png\"\n    ]\n  ]\n}",
              "code": "cy.visit('https://www.mercedes-benz.co.uk/passengercars.html');\n//Agree to All butonuna tiklayacagiz\ncy.get('cmm-cookie-banner[settings-id=\"fph8XBqir\"]').shadow().find('cmm-buttons-wrapper[class=\"hydrated\"]').find('[data-test=\"handle-accept-all-button\"]').should('be.visible').contains('Agree to all').click();",
              "err": {
                "message": "CypressError: `cy.visit()` failed trying to load:\n\nhttps://www.mercedes-benz.co.uk/passengercars.html\n\nWe attempted to make an http request to this URL but the request failed without a response.\n\nWe received this error at the network level:\n\n  > Error: ESOCKETTIMEDOUT\n\nCommon situations why this would fail:\n  - you don't have internet access\n  - you forgot to run / boot your web server\n  - your web server isn't accessible\n  - you have weird network configuration settings on your computer",
                "estack": "CypressError: `cy.visit()` failed trying to load:\n\nhttps://www.mercedes-benz.co.uk/passengercars.html\n\nWe attempted to make an http request to this URL but the request failed without a response.\n\nWe received this error at the network level:\n\n  > Error: ESOCKETTIMEDOUT\n\nCommon situations why this would fail:\n  - you don't have internet access\n  - you forgot to run / boot your web server\n  - your web server isn't accessible\n  - you have weird network configuration settings on your computer\n    at <unknown> (http://localhost:44583/__cypress/runner/cypress_runner.js:131390:74)\n    at visitFailedByErr (http://localhost:44583/__cypress/runner/cypress_runner.js:130780:12)\n    at <unknown> (http://localhost:44583/__cypress/runner/cypress_runner.js:131389:11)\n    at tryCatcher (http://localhost:44583/__cypress/runner/cypress_runner.js:1777:23)\n    at Promise._settlePromiseFromHandler (http://localhost:44583/__cypress/runner/cypress_runner.js:1489:31)\n    at Promise._settlePromise (http://localhost:44583/__cypress/runner/cypress_runner.js:1546:18)\n    at Promise._settlePromise0 (http://localhost:44583/__cypress/runner/cypress_runner.js:1591:10)\n    at Promise._settlePromises (http://localhost:44583/__cypress/runner/cypress_runner.js:1667:18)\n    at _drainQueueStep (http://localhost:44583/__cypress/runner/cypress_runner.js:2377:12)\n    at _drainQueue (http://localhost:44583/__cypress/runner/cypress_runner.js:2370:9)\n    at Async._drainQueues (http://localhost:44583/__cypress/runner/cypress_runner.js:2386:5)\n    at Async.drainQueues (http://localhost:44583/__cypress/runner/cypress_runner.js:2256:14)\nFrom Your Spec Code:\n    at Context.eval (webpack://cypress-project/./cypress/e2e/udemy-cypress-egitim/ShadowFind.cy.js:6:11)\n\nFrom Node.js Internals:\n  Error: ESOCKETTIMEDOUT\n      at ClientRequest.<anonymous> (<embedded>:290:108477)\n      at Object.onceWrapper (node:events:632:28)\n      at ClientRequest.emit (node:events:518:28)\n      at TLSSocket.emitRequestTimeout (node:_http_client:849:9)\n      at Object.onceWrapper (node:events:632:28)\n      at TLSSocket.emit (node:events:530:35)\n      at Socket._onTimeout (node:net:595:8)\n      at listOnTimeout (node:internal/timers:581:17)\n      at process.processTimers (node:internal/timers:519:7)",
                "diff": null
              },
              "uuid": "1b0e8196-def5-4bf5-b1d3-854a890c39c3",
              "parentUUID": "8b182890-ef30-42f8-8e86-ed87c448bc4d",
              "isHook": false,
              "skipped": false
            }
          ],
          "suites": [],
          "passes": [],
          "failures": [
            "1b0e8196-def5-4bf5-b1d3-854a890c39c3"
          ],
          "pending": [],
          "skipped": [],
          "duration": 31284,
          "root": false,
          "rootEmpty": false,
          "_timeout": 2000
        }
      ],
      "passes": [],
      "failures": [],
      "pending": [],
      "skipped": [],
      "duration": 0,
      "root": true,
      "rootEmpty": true,
      "_timeout": 2000
    }
  ],
  "meta": {
    "mocha": {
      "version": "7.0.1"
    },
    "mochawesome": {
      "options": {
        "quiet": false,
        "reportFilename": "mochawesome",
        "saveHtml": false,
        "saveJson": true,
        "consoleReporter": "spec",
        "useInlineDiffs": false,
        "code": true
      },
      "version": "7.1.3"
    },
    "marge": {
      "options": {
        "overwrite": false,
        "html": false,
        "json": true,
        "reportDir": "cypress/reports/html/.jsons"
      },
      "version": "6.2.0"
    }
  }
}