{
  "stats": {
    "suites": 1,
    "tests": 4,
    "passes": 3,
    "pending": 0,
    "failures": 1,
    "start": "2025-02-01T14:37:48.219Z",
    "end": "2025-02-01T14:37:51.817Z",
    "duration": 3598,
    "testsRegistered": 4,
    "passPercent": 75,
    "pendingPercent": 0,
    "other": 0,
    "hasOther": false,
    "skipped": 0,
    "hasSkipped": false
  },
  "results": [
    {
      "uuid": "7721412b-291b-4a8b-9140-5bdaa01687bc",
      "title": "",
      "fullFile": "cypress/e2e/udemy-cypress-egitim/XHRTest.cy.js",
      "file": "cypress/e2e/udemy-cypress-egitim/XHRTest.cy.js",
      "beforeHooks": [],
      "afterHooks": [],
      "tests": [],
      "suites": [
        {
          "uuid": "32d6fc6e-0b39-4089-8ee3-51ef01ddadca",
          "title": "XHR Test",
          "fullFile": "",
          "file": "",
          "beforeHooks": [],
          "afterHooks": [],
          "tests": [
            {
              "title": "cy.request Kullanimi - 1",
              "fullTitle": "XHR Test cy.request Kullanimi - 1",
              "timedOut": null,
              "duration": 1159,
              "state": "passed",
              "speed": "fast",
              "pass": true,
              "fail": false,
              "pending": false,
              "context": null,
              "code": "cy.request('https://jsonplaceholder.cypress.io/comments').should(response => {\n  expect(response.status).to.eq(200);\n  expect(response.body).to.have.length(500);\n  expect(response).to.have.property('headers');\n});",
              "err": {},
              "uuid": "7de77afa-d88f-499f-a79f-e8b1294b5aaa",
              "parentUUID": "32d6fc6e-0b39-4089-8ee3-51ef01ddadca",
              "isHook": false,
              "skipped": false
            },
            {
              "title": "cy.request Kullanimi - 2",
              "fullTitle": "XHR Test cy.request Kullanimi - 2",
              "timedOut": null,
              "duration": 514,
              "state": "passed",
              "speed": "fast",
              "pass": true,
              "fail": false,
              "pending": false,
              "context": null,
              "code": "cy.request({\n  url: 'https://jsonplaceholder.cypress.io/comments',\n  method: 'GET'\n}).then(response => {\n  expect(response.status).to.eq(200);\n  expect(response.body).to.have.length(500);\n  expect(response).to.have.property('headers');\n});",
              "err": {},
              "uuid": "ad05f9e7-7d22-4be0-8896-32de7cdc8b54",
              "parentUUID": "32d6fc6e-0b39-4089-8ee3-51ef01ddadca",
              "isHook": false,
              "skipped": false
            },
            {
              "title": "cy.request Kullanimi - 3",
              "fullTitle": "XHR Test cy.request Kullanimi - 3",
              "timedOut": null,
              "duration": 381,
              "state": "passed",
              "speed": "fast",
              "pass": true,
              "fail": false,
              "pending": false,
              "context": null,
              "code": "cy.request('https://jsonplaceholder.cypress.io/comments').its('status')\n// .its('content-type')\n.should('eq', 200);",
              "err": {},
              "uuid": "3036bfb7-5102-44f9-951c-02faa15355d2",
              "parentUUID": "32d6fc6e-0b39-4089-8ee3-51ef01ddadca",
              "isHook": false,
              "skipped": false
            },
            {
              "title": "cy.intercept Kullanimi",
              "fullTitle": "XHR Test cy.intercept Kullanimi",
              "timedOut": null,
              "duration": 954,
              "state": "failed",
              "speed": null,
              "pass": false,
              "fail": true,
              "pending": false,
              "context": "{\n  \"title\": \"cypress-mochawesome-reporter-screenshots\",\n  \"value\": [\n    [\n      \"/udemy-cypress-egitim/XHRTest.cy.js/XHR Test -- cy.intercept Kullanimi (failed).png\"\n    ]\n  ]\n}",
              "code": "cy.intercept('GET', 'url gireceksiniz').as('abc');\ncy.visit('url girip');\ncy.get('#loginbutton').click();\ncy.get('#username').type('deneme');\ncy.get('#password').type('test');\ncy.get('#btn').click();\ncy.wait('@abc');",
              "err": {
                "message": "CypressError: `cy.visit()` failed trying to load:\n\nurl%20girip\n\nWe failed looking for this file at the path:\n\n/home/mehmet-bilal/Desktop/Project/cypress-framework/url girip\n\nThe internal Cypress web server responded with:\n\n  > 404: Not Found",
                "estack": "CypressError: `cy.visit()` failed trying to load:\n\nurl%20girip\n\nWe failed looking for this file at the path:\n\n/home/mehmet-bilal/Desktop/Project/cypress-framework/url girip\n\nThe internal Cypress web server responded with:\n\n  > 404: Not Found\n    at <unknown> (http://localhost:44583/__cypress/runner/cypress_runner.js:131374:76)\n    at visitFailedByErr (http://localhost:44583/__cypress/runner/cypress_runner.js:130780:12)\n    at <unknown> (http://localhost:44583/__cypress/runner/cypress_runner.js:131357:13)\n    at tryCatcher (http://localhost:44583/__cypress/runner/cypress_runner.js:1777:23)\n    at Promise._settlePromiseFromHandler (http://localhost:44583/__cypress/runner/cypress_runner.js:1489:31)\n    at Promise._settlePromise (http://localhost:44583/__cypress/runner/cypress_runner.js:1546:18)\n    at Promise._settlePromise0 (http://localhost:44583/__cypress/runner/cypress_runner.js:1591:10)\n    at Promise._settlePromises (http://localhost:44583/__cypress/runner/cypress_runner.js:1667:18)\n    at _drainQueueStep (http://localhost:44583/__cypress/runner/cypress_runner.js:2377:12)\n    at _drainQueue (http://localhost:44583/__cypress/runner/cypress_runner.js:2370:9)\n    at Async._drainQueues (http://localhost:44583/__cypress/runner/cypress_runner.js:2386:5)\n    at Async.drainQueues (http://localhost:44583/__cypress/runner/cypress_runner.js:2256:14)\nFrom Your Spec Code:\n    at Context.eval (webpack://cypress-project/./cypress/e2e/udemy-cypress-egitim/XHRTest.cy.js:30:11)",
                "diff": null
              },
              "uuid": "a55aef4e-2897-40a2-a45a-d947031c4a44",
              "parentUUID": "32d6fc6e-0b39-4089-8ee3-51ef01ddadca",
              "isHook": false,
              "skipped": false
            }
          ],
          "suites": [],
          "passes": [
            "7de77afa-d88f-499f-a79f-e8b1294b5aaa",
            "ad05f9e7-7d22-4be0-8896-32de7cdc8b54",
            "3036bfb7-5102-44f9-951c-02faa15355d2"
          ],
          "failures": [
            "a55aef4e-2897-40a2-a45a-d947031c4a44"
          ],
          "pending": [],
          "skipped": [],
          "duration": 3008,
          "root": false,
          "rootEmpty": false,
          "_timeout": 2000
        }
      ],
      "passes": [],
      "failures": [],
      "pending": [],
      "skipped": [],
      "duration": 0,
      "root": true,
      "rootEmpty": true,
      "_timeout": 2000
    }
  ],
  "meta": {
    "mocha": {
      "version": "7.0.1"
    },
    "mochawesome": {
      "options": {
        "quiet": false,
        "reportFilename": "mochawesome",
        "saveHtml": false,
        "saveJson": true,
        "consoleReporter": "spec",
        "useInlineDiffs": false,
        "code": true
      },
      "version": "7.1.3"
    },
    "marge": {
      "options": {
        "overwrite": false,
        "html": false,
        "json": true,
        "reportDir": "cypress/reports/html/.jsons"
      },
      "version": "6.2.0"
    }
  }
}