{
  "stats": {
    "suites": 1,
    "tests": 1,
    "passes": 1,
    "pending": 0,
    "failures": 0,
    "start": "2025-02-01T14:32:27.701Z",
    "end": "2025-02-01T14:32:32.339Z",
    "duration": 4638,
    "testsRegistered": 1,
    "passPercent": 100,
    "pendingPercent": 0,
    "other": 0,
    "hasOther": false,
    "skipped": 0,
    "hasSkipped": false
  },
  "results": [
    {
      "uuid": "71712869-8ef7-4adc-acde-a469e355b747",
      "title": "",
      "fullFile": "cypress/e2e/udemy-cypress-egitim/EnVariables.cy.js",
      "file": "cypress/e2e/udemy-cypress-egitim/EnVariables.cy.js",
      "beforeHooks": [],
      "afterHooks": [],
      "tests": [],
      "suites": [
        {
          "uuid": "badd5ab2-603a-4811-b5dd-52595c3bbca2",
          "title": "Cypress En Variables",
          "fullFile": "",
          "file": "",
          "beforeHooks": [],
          "afterHooks": [],
          "tests": [
            {
              "title": "Ortam Değişkenleri Kullanım Örnekleri",
              "fullTitle": "Cypress En Variables Ortam Değişkenleri Kullanım Örnekleri",
              "timedOut": null,
              "duration": 1419,
              "state": "passed",
              "speed": "fast",
              "pass": true,
              "fail": false,
              "pending": false,
              "context": null,
              "code": "cy.visit(Cypress.env('amazon'));",
              "err": {},
              "uuid": "121d19e7-d49e-49f6-95c8-a4dcfeafdf70",
              "parentUUID": "badd5ab2-603a-4811-b5dd-52595c3bbca2",
              "isHook": false,
              "skipped": false
            }
          ],
          "suites": [],
          "passes": [
            "121d19e7-d49e-49f6-95c8-a4dcfeafdf70"
          ],
          "failures": [],
          "pending": [],
          "skipped": [],
          "duration": 1419,
          "root": false,
          "rootEmpty": false,
          "_timeout": 2000
        }
      ],
      "passes": [],
      "failures": [],
      "pending": [],
      "skipped": [],
      "duration": 0,
      "root": true,
      "rootEmpty": true,
      "_timeout": 2000
    }
  ],
  "meta": {
    "mocha": {
      "version": "7.0.1"
    },
    "mochawesome": {
      "options": {
        "quiet": false,
        "reportFilename": "mochawesome",
        "saveHtml": false,
        "saveJson": true,
        "consoleReporter": "spec",
        "useInlineDiffs": false,
        "code": true
      },
      "version": "7.1.3"
    },
    "marge": {
      "options": {
        "overwrite": false,
        "html": false,
        "json": true,
        "reportDir": "cypress/reports/html/.jsons"
      },
      "version": "6.2.0"
    }
  }
}