{
  "stats": {
    "suites": 1,
    "tests": 2,
    "passes": 2,
    "pending": 0,
    "failures": 0,
    "start": "2025-01-31T20:44:24.398Z",
    "end": "2025-01-31T20:44:30.731Z",
    "duration": 6333,
    "testsRegistered": 2,
    "passPercent": 100,
    "pendingPercent": 0,
    "other": 0,
    "hasOther": false,
    "skipped": 0,
    "hasSkipped": false
  },
  "results": [
    {
      "uuid": "c6686fab-48bf-42ac-95bf-8f57fea98efa",
      "title": "",
      "fullFile": "cypress/e2e/udemy-cypress-egitim/FileUpload.cy.js",
      "file": "cypress/e2e/udemy-cypress-egitim/FileUpload.cy.js",
      "beforeHooks": [],
      "afterHooks": [],
      "tests": [],
      "suites": [
        {
          "uuid": "00caf0bd-3aeb-4ccb-a757-f049fd3a03ec",
          "title": "Cypress File Upload",
          "fullFile": "",
          "file": "",
          "beforeHooks": [],
          "afterHooks": [],
          "tests": [
            {
              "title": "Dosya yukleme - 1",
              "fullTitle": "Cypress File Upload Dosya yukleme - 1",
              "timedOut": null,
              "duration": 1958,
              "state": "passed",
              "speed": "fast",
              "pass": true,
              "fail": false,
              "pending": false,
              "context": null,
              "code": "cy.visit('https://www.qrcode-monkey.com/');\ncy.get('div:nth-child(3) > div.pane-header > h3').click();\ncy.get('.logo-preview').attachFile({\n  filePath: \"en-nesyri.jpg\"\n}, {\n  subjectType: 'drag-n-drop'\n});",
              "err": {},
              "uuid": "add65712-d6e0-41e3-8d26-9289c0a527af",
              "parentUUID": "00caf0bd-3aeb-4ccb-a757-f049fd3a03ec",
              "isHook": false,
              "skipped": false
            },
            {
              "title": "Dosya yukleme - 2 Daha çok convert işlemleri için",
              "fullTitle": "Cypress File Upload Dosya yukleme - 2 Daha çok convert işlemleri için",
              "timedOut": null,
              "duration": 1173,
              "state": "passed",
              "speed": "fast",
              "pass": true,
              "fail": false,
              "pending": false,
              "context": null,
              "code": "cy.visit('https://www.qrcode-monkey.com/');\ncy.get('div:nth-child(3) > div.pane-header > h3').click();\nconst fileName = 'en-nesyri.jpg';\ncy.fixture('en-nesyri.jpg').then(Cypress.Blob.base64StringToBlob) //convert islemi icin\n.then(fileContent => {\n  cy.get('.logo-preview').attachFile({\n    fileContent,\n    fileName,\n    mimeType: 'image/**'\n  }, {\n    subjectType: 'drag-n-drop'\n  });\n});",
              "err": {},
              "uuid": "b9534dd8-c591-487f-baa4-39f09cec8e53",
              "parentUUID": "00caf0bd-3aeb-4ccb-a757-f049fd3a03ec",
              "isHook": false,
              "skipped": false
            }
          ],
          "suites": [],
          "passes": [
            "add65712-d6e0-41e3-8d26-9289c0a527af",
            "b9534dd8-c591-487f-baa4-39f09cec8e53"
          ],
          "failures": [],
          "pending": [],
          "skipped": [],
          "duration": 3131,
          "root": false,
          "rootEmpty": false,
          "_timeout": 2000
        }
      ],
      "passes": [],
      "failures": [],
      "pending": [],
      "skipped": [],
      "duration": 0,
      "root": true,
      "rootEmpty": true,
      "_timeout": 2000
    }
  ],
  "meta": {
    "mocha": {
      "version": "7.0.1"
    },
    "mochawesome": {
      "options": {
        "quiet": false,
        "reportFilename": "mochawesome",
        "saveHtml": false,
        "saveJson": true,
        "consoleReporter": "spec",
        "useInlineDiffs": false,
        "code": true
      },
      "version": "7.1.3"
    },
    "marge": {
      "options": {
        "overwrite": false,
        "html": false,
        "json": true,
        "reportDir": "cypress/reports/html/.jsons"
      },
      "version": "6.2.0"
    }
  }
}