{
  "stats": {
    "suites": 1,
    "tests": 2,
    "passes": 2,
    "pending": 0,
    "failures": 0,
    "start": "2025-02-01T14:32:58.131Z",
    "end": "2025-02-01T14:33:05.231Z",
    "duration": 7100,
    "testsRegistered": 2,
    "passPercent": 100,
    "pendingPercent": 0,
    "other": 0,
    "hasOther": false,
    "skipped": 0,
    "hasSkipped": false
  },
  "results": [
    {
      "uuid": "9a306233-c172-4d6e-b924-6b7b990ad8f3",
      "title": "",
      "fullFile": "cypress/e2e/udemy-cypress-egitim/FileUpload.cy.js",
      "file": "cypress/e2e/udemy-cypress-egitim/FileUpload.cy.js",
      "beforeHooks": [],
      "afterHooks": [],
      "tests": [],
      "suites": [
        {
          "uuid": "7065d2b6-b320-471d-b7ca-e55192489582",
          "title": "Cypress File Upload",
          "fullFile": "",
          "file": "",
          "beforeHooks": [],
          "afterHooks": [],
          "tests": [
            {
              "title": "Dosya yukleme - 1",
              "fullTitle": "Cypress File Upload Dosya yukleme - 1",
              "timedOut": null,
              "duration": 2288,
              "state": "passed",
              "speed": "fast",
              "pass": true,
              "fail": false,
              "pending": false,
              "context": null,
              "code": "cy.visit('https://www.qrcode-monkey.com/');\ncy.get('div:nth-child(3) > div.pane-header > h3').click();\ncy.get('.logo-preview').attachFile({\n  filePath: \"en-nesyri.jpg\"\n}, {\n  subjectType: 'drag-n-drop'\n});",
              "err": {},
              "uuid": "14094611-08cf-44a1-85ee-1518da76f558",
              "parentUUID": "7065d2b6-b320-471d-b7ca-e55192489582",
              "isHook": false,
              "skipped": false
            },
            {
              "title": "Dosya yukleme - 2 Daha çok convert işlemleri için",
              "fullTitle": "Cypress File Upload Dosya yukleme - 2 Daha çok convert işlemleri için",
              "timedOut": null,
              "duration": 963,
              "state": "passed",
              "speed": "fast",
              "pass": true,
              "fail": false,
              "pending": false,
              "context": null,
              "code": "cy.visit('https://www.qrcode-monkey.com/');\ncy.get('div:nth-child(3) > div.pane-header > h3').click();\nconst fileName = 'en-nesyri.jpg';\ncy.fixture('en-nesyri.jpg').then(Cypress.Blob.base64StringToBlob) //convert islemi icin\n.then(fileContent => {\n  cy.get('.logo-preview').attachFile({\n    fileContent,\n    fileName,\n    mimeType: 'image/**'\n  }, {\n    subjectType: 'drag-n-drop'\n  });\n});",
              "err": {},
              "uuid": "b8a25920-3de5-49fd-a0ad-9718851ab5b0",
              "parentUUID": "7065d2b6-b320-471d-b7ca-e55192489582",
              "isHook": false,
              "skipped": false
            }
          ],
          "suites": [],
          "passes": [
            "14094611-08cf-44a1-85ee-1518da76f558",
            "b8a25920-3de5-49fd-a0ad-9718851ab5b0"
          ],
          "failures": [],
          "pending": [],
          "skipped": [],
          "duration": 3251,
          "root": false,
          "rootEmpty": false,
          "_timeout": 2000
        }
      ],
      "passes": [],
      "failures": [],
      "pending": [],
      "skipped": [],
      "duration": 0,
      "root": true,
      "rootEmpty": true,
      "_timeout": 2000
    }
  ],
  "meta": {
    "mocha": {
      "version": "7.0.1"
    },
    "mochawesome": {
      "options": {
        "quiet": false,
        "reportFilename": "mochawesome",
        "saveHtml": false,
        "saveJson": true,
        "consoleReporter": "spec",
        "useInlineDiffs": false,
        "code": true
      },
      "version": "7.1.3"
    },
    "marge": {
      "options": {
        "overwrite": false,
        "html": false,
        "json": true,
        "reportDir": "cypress/reports/html/.jsons"
      },
      "version": "6.2.0"
    }
  }
}