{
  "stats": {
    "suites": 1,
    "tests": 1,
    "passes": 1,
    "pending": 0,
    "failures": 0,
    "start": "2025-01-31T20:42:20.462Z",
    "end": "2025-01-31T20:42:30.008Z",
    "duration": 9546,
    "testsRegistered": 1,
    "passPercent": 100,
    "pendingPercent": 0,
    "other": 0,
    "hasOther": false,
    "skipped": 0,
    "hasSkipped": false
  },
  "results": [
    {
      "uuid": "bd86d74d-8870-4eb0-950d-e139a499548a",
      "title": "",
      "fullFile": "cypress/e2e/udemy-cypress-egitim/BeforeAfter.cy.js",
      "file": "cypress/e2e/udemy-cypress-egitim/BeforeAfter.cy.js",
      "beforeHooks": [],
      "afterHooks": [],
      "tests": [],
      "suites": [
        {
          "uuid": "4884b060-b468-4dfc-91f4-74e87f824314",
          "title": "Before After Kullanımı",
          "fullFile": "",
          "file": "",
          "beforeHooks": [],
          "afterHooks": [],
          "tests": [
            {
              "title": "Başlığı Doğrula",
              "fullTitle": "Before After Kullanımı Başlığı Doğrula",
              "timedOut": null,
              "duration": 5871,
              "state": "passed",
              "speed": "medium",
              "pass": true,
              "fail": false,
              "pending": false,
              "context": null,
              "code": "cy.title().should('eq', \"Automation Exercise\");",
              "err": {},
              "uuid": "02394890-dafb-47d5-a8f3-203591b13c63",
              "parentUUID": "4884b060-b468-4dfc-91f4-74e87f824314",
              "isHook": false,
              "skipped": false
            }
          ],
          "suites": [],
          "passes": [
            "02394890-dafb-47d5-a8f3-203591b13c63"
          ],
          "failures": [],
          "pending": [],
          "skipped": [],
          "duration": 5871,
          "root": false,
          "rootEmpty": false,
          "_timeout": 2000
        }
      ],
      "passes": [],
      "failures": [],
      "pending": [],
      "skipped": [],
      "duration": 0,
      "root": true,
      "rootEmpty": true,
      "_timeout": 2000
    }
  ],
  "meta": {
    "mocha": {
      "version": "7.0.1"
    },
    "mochawesome": {
      "options": {
        "quiet": false,
        "reportFilename": "mochawesome",
        "saveHtml": false,
        "saveJson": true,
        "consoleReporter": "spec",
        "useInlineDiffs": false,
        "code": true
      },
      "version": "7.1.3"
    },
    "marge": {
      "options": {
        "overwrite": false,
        "html": false,
        "json": true,
        "reportDir": "cypress/reports/html/.jsons"
      },
      "version": "6.2.0"
    }
  }
}