{
  "stats": {
    "suites": 1,
    "tests": 1,
    "passes": 1,
    "pending": 0,
    "failures": 0,
    "start": "2025-02-01T14:37:32.157Z",
    "end": "2025-02-01T14:37:37.818Z",
    "duration": 5661,
    "testsRegistered": 1,
    "passPercent": 100,
    "pendingPercent": 0,
    "other": 0,
    "hasOther": false,
    "skipped": 0,
    "hasSkipped": false
  },
  "results": [
    {
      "uuid": "b56496cf-d389-4292-b950-125430bb686d",
      "title": "",
      "fullFile": "cypress/e2e/udemy-cypress-egitim/WebScrapping.cy.js",
      "file": "cypress/e2e/udemy-cypress-egitim/WebScrapping.cy.js",
      "beforeHooks": [],
      "afterHooks": [],
      "tests": [],
      "suites": [
        {
          "uuid": "7ff3a937-1213-44f9-8960-ccb5747a5cd8",
          "title": "web scrapping",
          "fullFile": "",
          "file": "",
          "beforeHooks": [],
          "afterHooks": [],
          "tests": [
            {
              "title": "write file to txt for products",
              "fullTitle": "web scrapping write file to txt for products",
              "timedOut": null,
              "duration": 2546,
              "state": "passed",
              "speed": "fast",
              "pass": true,
              "fail": false,
              "pending": false,
              "context": null,
              "code": "cy.step('Shopist.io sandalyeler sayfasina gidiyor');\ncy.visit('https://shopist.io/department/chairs');\ncy.step(\"Description class icindeki sandalye adi ve fiyatlarinin uzunlugu\");\ncy.get('.description').as('chairsPrice').its('length').should('eq', 9);\nconst results = [];\ncy.step('Sonuclari logluyoruz');\ncy.get('@chairsPrice').each(($el, index) => {\n  cy.log(\"Results: \" + index + \"- \" + $el.text());\n  results.push($el.text());\n}).then(() => {\n  cy.step('Sonuclari chairsPrice.txt file yazdiriyoruz');\n  cy.writeFile('CypressWriteFileDoc/chairsPrice.txt', results);\n});",
              "err": {},
              "uuid": "84e88d2e-18cf-483d-bcbd-f69cc9ac3f08",
              "parentUUID": "7ff3a937-1213-44f9-8960-ccb5747a5cd8",
              "isHook": false,
              "skipped": false
            }
          ],
          "suites": [],
          "passes": [
            "84e88d2e-18cf-483d-bcbd-f69cc9ac3f08"
          ],
          "failures": [],
          "pending": [],
          "skipped": [],
          "duration": 2546,
          "root": false,
          "rootEmpty": false,
          "_timeout": 2000
        }
      ],
      "passes": [],
      "failures": [],
      "pending": [],
      "skipped": [],
      "duration": 0,
      "root": true,
      "rootEmpty": true,
      "_timeout": 2000
    }
  ],
  "meta": {
    "mocha": {
      "version": "7.0.1"
    },
    "mochawesome": {
      "options": {
        "quiet": false,
        "reportFilename": "mochawesome",
        "saveHtml": false,
        "saveJson": true,
        "consoleReporter": "spec",
        "useInlineDiffs": false,
        "code": true
      },
      "version": "7.1.3"
    },
    "marge": {
      "options": {
        "overwrite": false,
        "html": false,
        "json": true,
        "reportDir": "cypress/reports/html/.jsons"
      },
      "version": "6.2.0"
    }
  }
}