{
  "stats": {
    "suites": 1,
    "tests": 1,
    "passes": 0,
    "pending": 0,
    "failures": 1,
    "start": "2025-02-01T14:34:46.303Z",
    "end": "2025-02-01T14:35:08.218Z",
    "duration": 21915,
    "testsRegistered": 1,
    "passPercent": 0,
    "pendingPercent": 0,
    "other": 0,
    "hasOther": false,
    "skipped": 0,
    "hasSkipped": false
  },
  "results": [
    {
      "uuid": "4a214535-f983-4e8f-bf93-216ed9b3dba6",
      "title": "",
      "fullFile": "cypress/e2e/udemy-cypress-egitim/SessionOrnek.cy.js",
      "file": "cypress/e2e/udemy-cypress-egitim/SessionOrnek.cy.js",
      "beforeHooks": [],
      "afterHooks": [],
      "tests": [],
      "suites": [
        {
          "uuid": "87ab0c2c-3d85-4b09-b451-b4a7af6b4296",
          "title": "Cypress Session Kullanimi",
          "fullFile": "",
          "file": "",
          "beforeHooks": [],
          "afterHooks": [],
          "tests": [
            {
              "title": "Siteye git ve bir makale ekle",
              "fullTitle": "Cypress Session Kullanimi Siteye git ve bir makale ekle",
              "timedOut": null,
              "duration": 15470,
              "state": "failed",
              "speed": null,
              "pass": false,
              "fail": true,
              "pending": false,
              "context": "{\n  \"title\": \"cypress-mochawesome-reporter-screenshots\",\n  \"value\": [\n    [\n      \"/udemy-cypress-egitim/SessionOrnek.cy.js/Cypress Session Kullanimi -- Siteye git ve bir makale ekle (failed).png\"\n    ]\n  ]\n}",
              "code": "cy.visit('https://write.as/');\ncy.get(\"textarea#writer\").type(randomTitle);\ncy.get('button#publish').click();\ncy.get('div#clip h1 > a > img.ic-18dp').trigger('mouseover');\ncy.get(\"div#clip li > ul > li:nth-child(1) > a\").click();\ncy.get(\"div#official-writing a:nth-child(5)\").click();\ncy.get(\"article#post-bpu497u23kcihhim a.user.hidden.delete.action\").click();",
              "err": {
                "message": "AssertionError: Timed out retrying after 4000ms: Expected to find element: `div#official-writing a:nth-child(5)`, but never found it.",
                "estack": "AssertionError: Timed out retrying after 4000ms: Expected to find element: `div#official-writing a:nth-child(5)`, but never found it.\n    at Context.eval (webpack://cypress-project/./cypress/e2e/udemy-cypress-egitim/SessionOrnek.cy.js:16:11)",
                "diff": null
              },
              "uuid": "c09cae7c-4a23-402b-b9ca-a2831795a647",
              "parentUUID": "87ab0c2c-3d85-4b09-b451-b4a7af6b4296",
              "isHook": false,
              "skipped": false
            }
          ],
          "suites": [],
          "passes": [],
          "failures": [
            "c09cae7c-4a23-402b-b9ca-a2831795a647"
          ],
          "pending": [],
          "skipped": [],
          "duration": 15470,
          "root": false,
          "rootEmpty": false,
          "_timeout": 2000
        }
      ],
      "passes": [],
      "failures": [],
      "pending": [],
      "skipped": [],
      "duration": 0,
      "root": true,
      "rootEmpty": true,
      "_timeout": 2000
    }
  ],
  "meta": {
    "mocha": {
      "version": "7.0.1"
    },
    "mochawesome": {
      "options": {
        "quiet": false,
        "reportFilename": "mochawesome",
        "saveHtml": false,
        "saveJson": true,
        "consoleReporter": "spec",
        "useInlineDiffs": false,
        "code": true
      },
      "version": "7.1.3"
    },
    "marge": {
      "options": {
        "overwrite": false,
        "html": false,
        "json": true,
        "reportDir": "cypress/reports/html/.jsons"
      },
      "version": "6.2.0"
    }
  }
}