{
  "stats": {
    "suites": 1,
    "tests": 2,
    "passes": 2,
    "pending": 0,
    "failures": 0,
    "start": "2025-01-31T20:47:16.649Z",
    "end": "2025-01-31T20:48:06.909Z",
    "duration": 50260,
    "testsRegistered": 2,
    "passPercent": 100,
    "pendingPercent": 0,
    "other": 0,
    "hasOther": false,
    "skipped": 0,
    "hasSkipped": false
  },
  "results": [
    {
      "uuid": "4b0fb72f-8819-4450-b99b-db99e641d76c",
      "title": "",
      "fullFile": "cypress/e2e/udemy-cypress-egitim/SlownDown.cy.js",
      "file": "cypress/e2e/udemy-cypress-egitim/SlownDown.cy.js",
      "beforeHooks": [],
      "afterHooks": [],
      "tests": [],
      "suites": [
        {
          "uuid": "4176624e-46ea-4d7f-b66d-6ff2f65d8a5f",
          "title": "Slow Down Kullanimi",
          "fullFile": "",
          "file": "",
          "beforeHooks": [],
          "afterHooks": [],
          "tests": [
            {
              "title": "slowdown ile ornek test",
              "fullTitle": "Slow Down Kullanimi slowdown ile ornek test",
              "timedOut": null,
              "duration": 20737,
              "state": "passed",
              "speed": "slow",
              "pass": true,
              "fail": false,
              "pending": false,
              "context": null,
              "code": "cy.slowDown(2000);\ncy.visit('https://automationexercise.com/login');\ncy.get(\"input[data-qa='login-email']\").type(fakeEmail);\n//cy.slowDownEnd() //durdurmak için\ncy.get(\"input[data-qa='login-password']\").type(fakePassword);\ncy.get(\"[data-qa='login-button']\").click();",
              "err": {},
              "uuid": "a2fb5c9a-37c4-499a-a8bd-5db338acf37e",
              "parentUUID": "4176624e-46ea-4d7f-b66d-6ff2f65d8a5f",
              "isHook": false,
              "skipped": false
            },
            {
              "title": "slowdown ile ornek test-2",
              "fullTitle": "Slow Down Kullanimi slowdown ile ornek test-2",
              "timedOut": null,
              "duration": 19883,
              "state": "passed",
              "speed": "slow",
              "pass": true,
              "fail": false,
              "pending": false,
              "context": null,
              "code": "cy.visit('https://automationexercise.com/login');\ncy.get(\"input[data-qa='login-email']\").type(fakeName);\ncy.get(\"input[data-qa='login-password']\").type(fakePassword);\ncy.get(\"[data-qa='login-button']\").click();\ncy.get(\"input[data-qa='login-email']\").invoke('prop', \"validationMessage\").should('eq', `Please include an '@' in the email address. '${fakeName}' is missing an '@'.`);",
              "err": {},
              "uuid": "70631ed9-dfda-4d44-be6c-7b9e8cd69768",
              "parentUUID": "4176624e-46ea-4d7f-b66d-6ff2f65d8a5f",
              "isHook": false,
              "skipped": false
            }
          ],
          "suites": [],
          "passes": [
            "a2fb5c9a-37c4-499a-a8bd-5db338acf37e",
            "70631ed9-dfda-4d44-be6c-7b9e8cd69768"
          ],
          "failures": [],
          "pending": [],
          "skipped": [],
          "duration": 40620,
          "root": false,
          "rootEmpty": false,
          "_timeout": 2000
        }
      ],
      "passes": [],
      "failures": [],
      "pending": [],
      "skipped": [],
      "duration": 0,
      "root": true,
      "rootEmpty": true,
      "_timeout": 2000
    }
  ],
  "meta": {
    "mocha": {
      "version": "7.0.1"
    },
    "mochawesome": {
      "options": {
        "quiet": false,
        "reportFilename": "mochawesome",
        "saveHtml": false,
        "saveJson": true,
        "consoleReporter": "spec",
        "useInlineDiffs": false,
        "code": true
      },
      "version": "7.1.3"
    },
    "marge": {
      "options": {
        "overwrite": false,
        "html": false,
        "json": true,
        "reportDir": "cypress/reports/html/.jsons"
      },
      "version": "6.2.0"
    }
  }
}