{
  "stats": {
    "suites": 2,
    "tests": 3,
    "passes": 3,
    "pending": 0,
    "failures": 0,
    "start": "2025-02-01T14:37:42.929Z",
    "end": "2025-02-01T14:37:43.580Z",
    "duration": 651,
    "testsRegistered": 3,
    "passPercent": 100,
    "pendingPercent": 0,
    "other": 0,
    "hasOther": false,
    "skipped": 0,
    "hasSkipped": false
  },
  "results": [
    {
      "uuid": "0976919f-9ba7-46b7-8d80-71a93022f9fb",
      "title": "",
      "fullFile": "cypress/e2e/udemy-cypress-egitim/WriteAndReadFile.cy.js",
      "file": "cypress/e2e/udemy-cypress-egitim/WriteAndReadFile.cy.js",
      "beforeHooks": [],
      "afterHooks": [],
      "tests": [],
      "suites": [
        {
          "uuid": "1b6fb307-0e39-464b-bd53-5c5e293c6979",
          "title": "Cypress Write File",
          "fullFile": "",
          "file": "",
          "beforeHooks": [],
          "afterHooks": [],
          "tests": [
            {
              "title": "write file",
              "fullTitle": "Cypress Write File write file",
              "timedOut": null,
              "duration": 284,
              "state": "passed",
              "speed": "fast",
              "pass": true,
              "fail": false,
              "pending": false,
              "context": null,
              "code": "cy.writeFile('CypressWriteFileDoc/exampleFile.txt', 'Sifirdan Cypress Derslerine Hosgeldiniz.\\n');\ncy.writeFile('CypressWriteFileDoc/exampleFile.txt', 'Bu egitim serisinde sifirdan ileri seviyeye cypress ogreneceksiniz.', {\n  flag: 'a+'\n});",
              "err": {},
              "uuid": "da896d6d-e31a-4a57-99f7-e2a900b96d58",
              "parentUUID": "1b6fb307-0e39-464b-bd53-5c5e293c6979",
              "isHook": false,
              "skipped": false
            }
          ],
          "suites": [],
          "passes": [
            "da896d6d-e31a-4a57-99f7-e2a900b96d58"
          ],
          "failures": [],
          "pending": [],
          "skipped": [],
          "duration": 284,
          "root": false,
          "rootEmpty": false,
          "_timeout": 2000
        },
        {
          "uuid": "6215b025-585e-407f-8c21-7f921dff8338",
          "title": "Cypress Read File",
          "fullFile": "",
          "file": "",
          "beforeHooks": [],
          "afterHooks": [],
          "tests": [
            {
              "title": "read file",
              "fullTitle": "Cypress Read File read file",
              "timedOut": null,
              "duration": 47,
              "state": "passed",
              "speed": "fast",
              "pass": true,
              "fail": false,
              "pending": false,
              "context": null,
              "code": "cy.readFile('CypressWriteFileDoc/exampleFile.txt').should('contain', 'egitim');",
              "err": {},
              "uuid": "51a1c284-fbf6-4ce4-a64f-8c6828340cb8",
              "parentUUID": "6215b025-585e-407f-8c21-7f921dff8338",
              "isHook": false,
              "skipped": false
            },
            {
              "title": "read file - 2",
              "fullTitle": "Cypress Read File read file - 2",
              "timedOut": null,
              "duration": 47,
              "state": "passed",
              "speed": "fast",
              "pass": true,
              "fail": false,
              "pending": false,
              "context": null,
              "code": "cy.readFile('CypressWriteFileDoc/exampleFile.txt').then(text => {\n  expect(text).to.contain('egitim');\n});",
              "err": {},
              "uuid": "1538cf5c-39c0-4098-ba72-eb4803c5b9f3",
              "parentUUID": "6215b025-585e-407f-8c21-7f921dff8338",
              "isHook": false,
              "skipped": false
            }
          ],
          "suites": [],
          "passes": [
            "51a1c284-fbf6-4ce4-a64f-8c6828340cb8",
            "1538cf5c-39c0-4098-ba72-eb4803c5b9f3"
          ],
          "failures": [],
          "pending": [],
          "skipped": [],
          "duration": 94,
          "root": false,
          "rootEmpty": false,
          "_timeout": 2000
        }
      ],
      "passes": [],
      "failures": [],
      "pending": [],
      "skipped": [],
      "duration": 0,
      "root": true,
      "rootEmpty": true,
      "_timeout": 2000
    }
  ],
  "meta": {
    "mocha": {
      "version": "7.0.1"
    },
    "mochawesome": {
      "options": {
        "quiet": false,
        "reportFilename": "mochawesome",
        "saveHtml": false,
        "saveJson": true,
        "consoleReporter": "spec",
        "useInlineDiffs": false,
        "code": true
      },
      "version": "7.1.3"
    },
    "marge": {
      "options": {
        "overwrite": false,
        "html": false,
        "json": true,
        "reportDir": "cypress/reports/html/.jsons"
      },
      "version": "6.2.0"
    }
  }
}