{
  "stats": {
    "suites": 1,
    "tests": 2,
    "passes": 2,
    "pending": 0,
    "failures": 0,
    "start": "2025-02-01T14:36:52.142Z",
    "end": "2025-02-01T14:36:57.216Z",
    "duration": 5074,
    "testsRegistered": 2,
    "passPercent": 100,
    "pendingPercent": 0,
    "other": 0,
    "hasOther": false,
    "skipped": 0,
    "hasSkipped": false
  },
  "results": [
    {
      "uuid": "c4da5e9b-0f31-4847-9638-54a2f9880871",
      "title": "",
      "fullFile": "cypress/e2e/udemy-cypress-egitim/TestIsolation.cy.js",
      "file": "cypress/e2e/udemy-cypress-egitim/TestIsolation.cy.js",
      "beforeHooks": [],
      "afterHooks": [],
      "tests": [],
      "suites": [
        {
          "uuid": "3c9a24c4-e86d-4dd5-a22d-c08f9b3e316e",
          "title": "Cypress Test Isolation",
          "fullFile": "",
          "file": "",
          "beforeHooks": [],
          "afterHooks": [],
          "tests": [
            {
              "title": "Dosya yukleme - 1",
              "fullTitle": "Cypress Test Isolation Dosya yukleme - 1",
              "timedOut": null,
              "duration": 2150,
              "state": "passed",
              "speed": "fast",
              "pass": true,
              "fail": false,
              "pending": false,
              "context": null,
              "code": "cy.visit('https://www.qrcode-monkey.com/');\ncy.get('div:nth-child(3) > div.pane-header > h3').click();\ncy.get('.logo-preview').attachFile({\n  filePath: \"en-nesyri.jpg\"\n}, {\n  subjectType: 'drag-n-drop'\n});",
              "err": {},
              "uuid": "a478434d-4ce4-4130-83d7-4c3edafb1c49",
              "parentUUID": "3c9a24c4-e86d-4dd5-a22d-c08f9b3e316e",
              "isHook": false,
              "skipped": false
            },
            {
              "title": "Dosya yukleme - 2",
              "fullTitle": "Cypress Test Isolation Dosya yukleme - 2",
              "timedOut": null,
              "duration": 59,
              "state": "passed",
              "speed": "fast",
              "pass": true,
              "fail": false,
              "pending": false,
              "context": null,
              "code": "const fileName = 'aslan.jpg';\ncy.fixture('dzeko.jpg').then(Cypress.Blob.base64StringToBlob) //convert islemi icin\n.then(fileContent => {\n  cy.get('.logo-preview').attachFile({\n    fileContent,\n    fileName,\n    mimeType: 'image/**'\n  }, {\n    subjectType: 'drag-n-drop'\n  });\n});",
              "err": {},
              "uuid": "4283fbc1-cd90-4fd5-a8ea-8187906a609c",
              "parentUUID": "3c9a24c4-e86d-4dd5-a22d-c08f9b3e316e",
              "isHook": false,
              "skipped": false
            }
          ],
          "suites": [],
          "passes": [
            "a478434d-4ce4-4130-83d7-4c3edafb1c49",
            "4283fbc1-cd90-4fd5-a8ea-8187906a609c"
          ],
          "failures": [],
          "pending": [],
          "skipped": [],
          "duration": 2209,
          "root": false,
          "rootEmpty": false,
          "_timeout": 2000
        }
      ],
      "passes": [],
      "failures": [],
      "pending": [],
      "skipped": [],
      "duration": 0,
      "root": true,
      "rootEmpty": true,
      "_timeout": 2000
    }
  ],
  "meta": {
    "mocha": {
      "version": "7.0.1"
    },
    "mochawesome": {
      "options": {
        "quiet": false,
        "reportFilename": "mochawesome",
        "saveHtml": false,
        "saveJson": true,
        "consoleReporter": "spec",
        "useInlineDiffs": false,
        "code": true
      },
      "version": "7.1.3"
    },
    "marge": {
      "options": {
        "overwrite": false,
        "html": false,
        "json": true,
        "reportDir": "cypress/reports/html/.jsons"
      },
      "version": "6.2.0"
    }
  }
}