{
  "stats": {
    "suites": 1,
    "tests": 3,
    "passes": 2,
    "pending": 0,
    "failures": 1,
    "start": "2025-01-31T20:48:37.854Z",
    "end": "2025-01-31T20:48:42.357Z",
    "duration": 4503,
    "testsRegistered": 3,
    "passPercent": 66.66666666666666,
    "pendingPercent": 0,
    "other": 0,
    "hasOther": false,
    "skipped": 0,
    "hasSkipped": false
  },
  "results": [
    {
      "uuid": "0bcbedde-270c-4ecd-9cf2-455f160694ff",
      "title": "",
      "fullFile": "cypress/e2e/udemy-cypress-egitim/ViewportKullanimi.cy.js",
      "file": "cypress/e2e/udemy-cypress-egitim/ViewportKullanimi.cy.js",
      "beforeHooks": [],
      "afterHooks": [],
      "tests": [],
      "suites": [
        {
          "uuid": "e6ffd0fb-072c-472d-9388-6ff0cbac32c0",
          "title": "Viewport Kullanımı",
          "fullFile": "",
          "file": "",
          "beforeHooks": [],
          "afterHooks": [],
          "tests": [
            {
              "title": "viewport with numbers",
              "fullTitle": "Viewport Kullanımı viewport with numbers",
              "timedOut": null,
              "duration": 892,
              "state": "passed",
              "speed": "fast",
              "pass": true,
              "fail": false,
              "pending": false,
              "context": null,
              "code": "cy.viewport(1200, 1000);\ncy.visit('https://shopist.io/');",
              "err": {},
              "uuid": "4719e365-15a4-4e3d-92a0-3758e4c5802f",
              "parentUUID": "e6ffd0fb-072c-472d-9388-6ff0cbac32c0",
              "isHook": false,
              "skipped": false
            },
            {
              "title": "viewport with string",
              "fullTitle": "Viewport Kullanımı viewport with string",
              "timedOut": null,
              "duration": 653,
              "state": "failed",
              "speed": null,
              "pass": false,
              "fail": true,
              "pending": false,
              "context": "{\n  \"title\": \"cypress-mochawesome-reporter-screenshots\",\n  \"value\": [\n    [\n      \"/udemy-cypress-egitim/ViewportKullanimi.cy.js/Viewport Kullanımı -- viewport with string (failed).png\"\n    ]\n  ]\n}",
              "code": "cy.viewport('mackbook-16');\ncy.visit('https://shopist.io/');",
              "err": {
                "message": "CypressError: `cy.viewport()` could not find a preset for: `mackbook-16`. Available presets are: macbook-16, macbook-15, macbook-13, macbook-11, ipad-2, ipad-mini, iphone-xr, iphone-x, iphone-6+, iphone-se2, iphone-8, iphone-7, iphone-6, iphone-5, iphone-4, iphone-3, samsung-s10, samsung-note9\n\nhttps://on.cypress.io/viewport",
                "estack": "CypressError: `cy.viewport()` could not find a preset for: `mackbook-16`. Available presets are: macbook-16, macbook-15, macbook-13, macbook-11, ipad-2, ipad-mini, iphone-xr, iphone-x, iphone-6+, iphone-se2, iphone-8, iphone-7, iphone-6, iphone-5, iphone-4, iphone-3, samsung-s10, samsung-note9\n\nhttps://on.cypress.io/viewport\n    at getPresetDimensions (https://shopist.io/__cypress/runner/cypress_runner.js:135687:74)\n    at Context.viewport (https://shopist.io/__cypress/runner/cypress_runner.js:135714:28)\n    at wrapped (https://shopist.io/__cypress/runner/cypress_runner.js:137875:43)\nFrom Your Spec Code:\n    at Context.eval (webpack://cypress-project/./cypress/e2e/udemy-cypress-egitim/ViewportKullanimi.cy.js:7:11)",
                "diff": null
              },
              "uuid": "83559722-2b23-4f26-bdbc-b07960ecaff2",
              "parentUUID": "e6ffd0fb-072c-472d-9388-6ff0cbac32c0",
              "isHook": false,
              "skipped": false
            },
            {
              "title": "viewport with string",
              "fullTitle": "Viewport Kullanımı viewport with string",
              "timedOut": null,
              "duration": 287,
              "state": "passed",
              "speed": "fast",
              "pass": true,
              "fail": false,
              "pending": false,
              "context": null,
              "code": "cy.viewport('iphone-se2');\ncy.visit('https://shopist.io/');",
              "err": {},
              "uuid": "df1d6318-d894-4dd4-9520-a7d5003b3cff",
              "parentUUID": "e6ffd0fb-072c-472d-9388-6ff0cbac32c0",
              "isHook": false,
              "skipped": false
            }
          ],
          "suites": [],
          "passes": [
            "4719e365-15a4-4e3d-92a0-3758e4c5802f",
            "df1d6318-d894-4dd4-9520-a7d5003b3cff"
          ],
          "failures": [
            "83559722-2b23-4f26-bdbc-b07960ecaff2"
          ],
          "pending": [],
          "skipped": [],
          "duration": 1832,
          "root": false,
          "rootEmpty": false,
          "_timeout": 2000
        }
      ],
      "passes": [],
      "failures": [],
      "pending": [],
      "skipped": [],
      "duration": 0,
      "root": true,
      "rootEmpty": true,
      "_timeout": 2000
    }
  ],
  "meta": {
    "mocha": {
      "version": "7.0.1"
    },
    "mochawesome": {
      "options": {
        "quiet": false,
        "reportFilename": "mochawesome",
        "saveHtml": false,
        "saveJson": true,
        "consoleReporter": "spec",
        "useInlineDiffs": false,
        "code": true
      },
      "version": "7.1.3"
    },
    "marge": {
      "options": {
        "overwrite": false,
        "html": false,
        "json": true,
        "reportDir": "cypress/reports/html/.jsons"
      },
      "version": "6.2.0"
    }
  }
}