{
  "stats": {
    "suites": 1,
    "tests": 1,
    "passes": 1,
    "pending": 0,
    "failures": 0,
    "start": "2025-02-01T14:32:04.546Z",
    "end": "2025-02-01T14:32:20.685Z",
    "duration": 16139,
    "testsRegistered": 1,
    "passPercent": 100,
    "pendingPercent": 0,
    "other": 0,
    "hasOther": false,
    "skipped": 0,
    "hasSkipped": false
  },
  "results": [
    {
      "uuid": "d0266425-c498-4745-9e07-b11c2a423cdd",
      "title": "",
      "fullFile": "cypress/e2e/udemy-cypress-egitim/DownloadFile.cy.js",
      "file": "cypress/e2e/udemy-cypress-egitim/DownloadFile.cy.js",
      "beforeHooks": [],
      "afterHooks": [],
      "tests": [],
      "suites": [
        {
          "uuid": "0c6e1b47-5059-4e5c-9050-84e5107dae0f",
          "title": "Cypress Download File",
          "fullFile": "",
          "file": "",
          "beforeHooks": [],
          "afterHooks": [],
          "tests": [
            {
              "title": "Download File",
              "fullTitle": "Cypress Download File Download File",
              "timedOut": null,
              "duration": 12265,
              "state": "passed",
              "speed": "slow",
              "pass": true,
              "fail": false,
              "pending": false,
              "context": null,
              "code": "cy.on('uncaught:exception', (err, runnable) => {\n  return false;\n});\ncy.visit('https://demoqa.com/upload-download');\ncy.get('#downloadButton').click(); //1nci yontem\ncy.get('a.btn-primary').click(); //2nci yontem",
              "err": {},
              "uuid": "c13a6400-47c6-4a12-b98a-cf6fcd397698",
              "parentUUID": "0c6e1b47-5059-4e5c-9050-84e5107dae0f",
              "isHook": false,
              "skipped": false
            }
          ],
          "suites": [],
          "passes": [
            "c13a6400-47c6-4a12-b98a-cf6fcd397698"
          ],
          "failures": [],
          "pending": [],
          "skipped": [],
          "duration": 12265,
          "root": false,
          "rootEmpty": false,
          "_timeout": 2000
        }
      ],
      "passes": [],
      "failures": [],
      "pending": [],
      "skipped": [],
      "duration": 0,
      "root": true,
      "rootEmpty": true,
      "_timeout": 2000
    }
  ],
  "meta": {
    "mocha": {
      "version": "7.0.1"
    },
    "mochawesome": {
      "options": {
        "quiet": false,
        "reportFilename": "mochawesome",
        "saveHtml": false,
        "saveJson": true,
        "consoleReporter": "spec",
        "useInlineDiffs": false,
        "code": true
      },
      "version": "7.1.3"
    },
    "marge": {
      "options": {
        "overwrite": false,
        "html": false,
        "json": true,
        "reportDir": "cypress/reports/html/.jsons"
      },
      "version": "6.2.0"
    }
  }
}