{
  "stats": {
    "suites": 1,
    "tests": 2,
    "passes": 2,
    "pending": 0,
    "failures": 0,
    "start": "2025-01-31T20:43:16.789Z",
    "end": "2025-01-31T20:43:26.649Z",
    "duration": 9860,
    "testsRegistered": 2,
    "passPercent": 100,
    "pendingPercent": 0,
    "other": 0,
    "hasOther": false,
    "skipped": 0,
    "hasSkipped": false
  },
  "results": [
    {
      "uuid": "80bb309d-7ab7-4189-8251-eb2361585647",
      "title": "",
      "fullFile": "cypress/e2e/udemy-cypress-egitim/CustomCommandsKullanimi.cy.js",
      "file": "cypress/e2e/udemy-cypress-egitim/CustomCommandsKullanimi.cy.js",
      "beforeHooks": [],
      "afterHooks": [],
      "tests": [],
      "suites": [
        {
          "uuid": "6dd860a2-acf8-4a02-95e0-950de510e291",
          "title": "Custom Commands",
          "fullFile": "",
          "file": "",
          "beforeHooks": [],
          "afterHooks": [],
          "tests": [
            {
              "title": "Custom Commands Ornekler Invalid username Valid pasword",
              "fullTitle": "Custom Commands Custom Commands Ornekler Invalid username Valid pasword",
              "timedOut": null,
              "duration": 3969,
              "state": "passed",
              "speed": "fast",
              "pass": true,
              "fail": false,
              "pending": false,
              "context": null,
              "code": "cy.login('deneme@123.com', '12345');",
              "err": {},
              "uuid": "06bb3f66-5b77-4583-b0ea-f3026d1cedf8",
              "parentUUID": "6dd860a2-acf8-4a02-95e0-950de510e291",
              "isHook": false,
              "skipped": false
            },
            {
              "title": "Custom Commands Ornekler Valid username Invalid password",
              "fullTitle": "Custom Commands Custom Commands Ornekler Valid username Invalid password",
              "timedOut": null,
              "duration": 2868,
              "state": "passed",
              "speed": "fast",
              "pass": true,
              "fail": false,
              "pending": false,
              "context": null,
              "code": "cy.login('deneme@abd.com', 'parola2');",
              "err": {},
              "uuid": "1c1c7918-b201-42be-aa0c-7178d974485f",
              "parentUUID": "6dd860a2-acf8-4a02-95e0-950de510e291",
              "isHook": false,
              "skipped": false
            }
          ],
          "suites": [],
          "passes": [
            "06bb3f66-5b77-4583-b0ea-f3026d1cedf8",
            "1c1c7918-b201-42be-aa0c-7178d974485f"
          ],
          "failures": [],
          "pending": [],
          "skipped": [],
          "duration": 6837,
          "root": false,
          "rootEmpty": false,
          "_timeout": 2000
        }
      ],
      "passes": [],
      "failures": [],
      "pending": [],
      "skipped": [],
      "duration": 0,
      "root": true,
      "rootEmpty": true,
      "_timeout": 2000
    }
  ],
  "meta": {
    "mocha": {
      "version": "7.0.1"
    },
    "mochawesome": {
      "options": {
        "quiet": false,
        "reportFilename": "mochawesome",
        "saveHtml": false,
        "saveJson": true,
        "consoleReporter": "spec",
        "useInlineDiffs": false,
        "code": true
      },
      "version": "7.1.3"
    },
    "marge": {
      "options": {
        "overwrite": false,
        "html": false,
        "json": true,
        "reportDir": "cypress/reports/html/.jsons"
      },
      "version": "6.2.0"
    }
  }
}