{
  "stats": {
    "suites": 1,
    "tests": 1,
    "passes": 1,
    "pending": 0,
    "failures": 0,
    "start": "2025-02-01T14:32:41.049Z",
    "end": "2025-02-01T14:32:52.211Z",
    "duration": 11162,
    "testsRegistered": 1,
    "passPercent": 100,
    "pendingPercent": 0,
    "other": 0,
    "hasOther": false,
    "skipped": 0,
    "hasSkipped": false
  },
  "results": [
    {
      "uuid": "b4c0d5ef-2088-4637-80cc-55b7e7688cb3",
      "title": "",
      "fullFile": "cypress/e2e/udemy-cypress-egitim/Fakerjs.cy.js",
      "file": "cypress/e2e/udemy-cypress-egitim/Fakerjs.cy.js",
      "beforeHooks": [],
      "afterHooks": [],
      "tests": [],
      "suites": [
        {
          "uuid": "333d638e-3ae5-42e7-81b0-2412bca07424",
          "title": "FakerJS Kullanımı",
          "fullFile": "",
          "file": "",
          "beforeHooks": [],
          "afterHooks": [],
          "tests": [
            {
              "title": "FakerJS ornekler",
              "fullTitle": "FakerJS Kullanımı FakerJS ornekler",
              "timedOut": null,
              "duration": 5023,
              "state": "passed",
              "speed": "medium",
              "pass": true,
              "fail": false,
              "pending": false,
              "context": null,
              "code": "cy.visit('https://automationexercise.com/login');\ncy.get(\"input[data-qa='login-email']\").type(fakeEmail);\ncy.get(\"input[data-qa='login-password']\").type(fakePassword);\ncy.get(\"[data-qa='login-button']\").click();",
              "err": {},
              "uuid": "e1db8d03-1cb3-4379-8a1c-2607e7305759",
              "parentUUID": "333d638e-3ae5-42e7-81b0-2412bca07424",
              "isHook": false,
              "skipped": false
            }
          ],
          "suites": [],
          "passes": [
            "e1db8d03-1cb3-4379-8a1c-2607e7305759"
          ],
          "failures": [],
          "pending": [],
          "skipped": [],
          "duration": 5023,
          "root": false,
          "rootEmpty": false,
          "_timeout": 2000
        }
      ],
      "passes": [],
      "failures": [],
      "pending": [],
      "skipped": [],
      "duration": 0,
      "root": true,
      "rootEmpty": true,
      "_timeout": 2000
    }
  ],
  "meta": {
    "mocha": {
      "version": "7.0.1"
    },
    "mochawesome": {
      "options": {
        "quiet": false,
        "reportFilename": "mochawesome",
        "saveHtml": false,
        "saveJson": true,
        "consoleReporter": "spec",
        "useInlineDiffs": false,
        "code": true
      },
      "version": "7.1.3"
    },
    "marge": {
      "options": {
        "overwrite": false,
        "html": false,
        "json": true,
        "reportDir": "cypress/reports/html/.jsons"
      },
      "version": "6.2.0"
    }
  }
}