{
  "stats": {
    "suites": 1,
    "tests": 5,
    "passes": 5,
    "pending": 0,
    "failures": 0,
    "start": "2025-01-31T20:39:58.309Z",
    "end": "2025-01-31T20:40:04.359Z",
    "duration": 6050,
    "testsRegistered": 5,
    "passPercent": 100,
    "pendingPercent": 0,
    "other": 0,
    "hasOther": false,
    "skipped": 0,
    "hasSkipped": false
  },
  "results": [
    {
      "uuid": "a68ea1cd-e489-42dd-9691-d353ec9c7537",
      "title": "",
      "fullFile": "cypress/e2e/2-advanced-examples/storage.cy.js",
      "file": "cypress/e2e/2-advanced-examples/storage.cy.js",
      "beforeHooks": [],
      "afterHooks": [],
      "tests": [],
      "suites": [
        {
          "uuid": "44b3c41d-2f84-4cfa-8783-ec053aa86d75",
          "title": "Local Storage / Session Storage",
          "fullFile": "",
          "file": "",
          "beforeHooks": [],
          "afterHooks": [],
          "tests": [
            {
              "title": "cy.clearLocalStorage() - clear all data in localStorage for the current origin",
              "fullTitle": "Local Storage / Session Storage cy.clearLocalStorage() - clear all data in localStorage for the current origin",
              "timedOut": null,
              "duration": 1427,
              "state": "passed",
              "speed": "fast",
              "pass": true,
              "fail": false,
              "pending": false,
              "context": null,
              "code": "// https://on.cypress.io/clearlocalstorage\ncy.get('.ls-btn').click();\ncy.get('.ls-btn').should(() => {\n  expect(localStorage.getItem('prop1')).to.eq('red');\n  expect(localStorage.getItem('prop2')).to.eq('blue');\n  expect(localStorage.getItem('prop3')).to.eq('magenta');\n});\ncy.clearLocalStorage();\ncy.getAllLocalStorage().should(() => {\n  expect(localStorage.getItem('prop1')).to.be.null;\n  expect(localStorage.getItem('prop2')).to.be.null;\n  expect(localStorage.getItem('prop3')).to.be.null;\n});\ncy.get('.ls-btn').click();\ncy.get('.ls-btn').should(() => {\n  expect(localStorage.getItem('prop1')).to.eq('red');\n  expect(localStorage.getItem('prop2')).to.eq('blue');\n  expect(localStorage.getItem('prop3')).to.eq('magenta');\n});\n// Clear key matching string in localStorage\ncy.clearLocalStorage('prop1');\ncy.getAllLocalStorage().should(() => {\n  expect(localStorage.getItem('prop1')).to.be.null;\n  expect(localStorage.getItem('prop2')).to.eq('blue');\n  expect(localStorage.getItem('prop3')).to.eq('magenta');\n});\ncy.get('.ls-btn').click();\ncy.get('.ls-btn').should(() => {\n  expect(localStorage.getItem('prop1')).to.eq('red');\n  expect(localStorage.getItem('prop2')).to.eq('blue');\n  expect(localStorage.getItem('prop3')).to.eq('magenta');\n});\n// Clear keys matching regex in localStorage\ncy.clearLocalStorage(/prop1|2/);\ncy.getAllLocalStorage().should(() => {\n  expect(localStorage.getItem('prop1')).to.be.null;\n  expect(localStorage.getItem('prop2')).to.be.null;\n  expect(localStorage.getItem('prop3')).to.eq('magenta');\n});",
              "err": {},
              "uuid": "8e797fce-3dd8-472b-9909-cfb751f64d35",
              "parentUUID": "44b3c41d-2f84-4cfa-8783-ec053aa86d75",
              "isHook": false,
              "skipped": false
            },
            {
              "title": "cy.getAllLocalStorage() - get all data in localStorage for all origins",
              "fullTitle": "Local Storage / Session Storage cy.getAllLocalStorage() - get all data in localStorage for all origins",
              "timedOut": null,
              "duration": 520,
              "state": "passed",
              "speed": "fast",
              "pass": true,
              "fail": false,
              "pending": false,
              "context": null,
              "code": "// https://on.cypress.io/getalllocalstorage\ncy.get('.ls-btn').click();\n// getAllLocalStorage() yields a map of origins to localStorage values\ncy.getAllLocalStorage().should(storageMap => {\n  expect(storageMap).to.deep.equal({\n    // other origins will also be present if localStorage is set on them\n    'https://example.cypress.io': {\n      'prop1': 'red',\n      'prop2': 'blue',\n      'prop3': 'magenta'\n    }\n  });\n});",
              "err": {},
              "uuid": "5d10bcd1-aa3e-4777-acb7-d4055eb0a807",
              "parentUUID": "44b3c41d-2f84-4cfa-8783-ec053aa86d75",
              "isHook": false,
              "skipped": false
            },
            {
              "title": "cy.clearAllLocalStorage() - clear all data in localStorage for all origins",
              "fullTitle": "Local Storage / Session Storage cy.clearAllLocalStorage() - clear all data in localStorage for all origins",
              "timedOut": null,
              "duration": 540,
              "state": "passed",
              "speed": "fast",
              "pass": true,
              "fail": false,
              "pending": false,
              "context": null,
              "code": "// https://on.cypress.io/clearalllocalstorage\ncy.get('.ls-btn').click();\n// clearAllLocalStorage() yields null\ncy.clearAllLocalStorage();\ncy.getAllLocalStorage().should(() => {\n  expect(localStorage.getItem('prop1')).to.be.null;\n  expect(localStorage.getItem('prop2')).to.be.null;\n  expect(localStorage.getItem('prop3')).to.be.null;\n});",
              "err": {},
              "uuid": "817d4d32-fdc8-49d6-b937-64b9edc04956",
              "parentUUID": "44b3c41d-2f84-4cfa-8783-ec053aa86d75",
              "isHook": false,
              "skipped": false
            },
            {
              "title": "cy.getAllSessionStorage() - get all data in sessionStorage for all origins",
              "fullTitle": "Local Storage / Session Storage cy.getAllSessionStorage() - get all data in sessionStorage for all origins",
              "timedOut": null,
              "duration": 424,
              "state": "passed",
              "speed": "fast",
              "pass": true,
              "fail": false,
              "pending": false,
              "context": null,
              "code": "// https://on.cypress.io/getallsessionstorage\ncy.get('.ls-btn').click();\n// getAllSessionStorage() yields a map of origins to sessionStorage values\ncy.getAllSessionStorage().should(storageMap => {\n  expect(storageMap).to.deep.equal({\n    // other origins will also be present if sessionStorage is set on them\n    'https://example.cypress.io': {\n      'prop4': 'cyan',\n      'prop5': 'yellow',\n      'prop6': 'black'\n    }\n  });\n});",
              "err": {},
              "uuid": "662b9a93-7d80-493f-b2d7-19136eff4e69",
              "parentUUID": "44b3c41d-2f84-4cfa-8783-ec053aa86d75",
              "isHook": false,
              "skipped": false
            },
            {
              "title": "cy.clearAllSessionStorage() - clear all data in sessionStorage for all origins",
              "fullTitle": "Local Storage / Session Storage cy.clearAllSessionStorage() - clear all data in sessionStorage for all origins",
              "timedOut": null,
              "duration": 508,
              "state": "passed",
              "speed": "fast",
              "pass": true,
              "fail": false,
              "pending": false,
              "context": null,
              "code": "// https://on.cypress.io/clearallsessionstorage\ncy.get('.ls-btn').click();\n// clearAllSessionStorage() yields null\ncy.clearAllSessionStorage();\ncy.getAllSessionStorage().should(() => {\n  expect(sessionStorage.getItem('prop4')).to.be.null;\n  expect(sessionStorage.getItem('prop5')).to.be.null;\n  expect(sessionStorage.getItem('prop6')).to.be.null;\n});",
              "err": {},
              "uuid": "4b1639e1-bdc0-40e5-a9de-b68adf0e5c01",
              "parentUUID": "44b3c41d-2f84-4cfa-8783-ec053aa86d75",
              "isHook": false,
              "skipped": false
            }
          ],
          "suites": [],
          "passes": [
            "8e797fce-3dd8-472b-9909-cfb751f64d35",
            "5d10bcd1-aa3e-4777-acb7-d4055eb0a807",
            "817d4d32-fdc8-49d6-b937-64b9edc04956",
            "662b9a93-7d80-493f-b2d7-19136eff4e69",
            "4b1639e1-bdc0-40e5-a9de-b68adf0e5c01"
          ],
          "failures": [],
          "pending": [],
          "skipped": [],
          "duration": 3419,
          "root": false,
          "rootEmpty": false,
          "_timeout": 2000
        }
      ],
      "passes": [],
      "failures": [],
      "pending": [],
      "skipped": [],
      "duration": 0,
      "root": true,
      "rootEmpty": true,
      "_timeout": 2000
    }
  ],
  "meta": {
    "mocha": {
      "version": "7.0.1"
    },
    "mochawesome": {
      "options": {
        "quiet": false,
        "reportFilename": "mochawesome",
        "saveHtml": false,
        "saveJson": true,
        "consoleReporter": "spec",
        "useInlineDiffs": false,
        "code": true
      },
      "version": "7.1.3"
    },
    "marge": {
      "options": {
        "overwrite": false,
        "html": false,
        "json": true,
        "reportDir": "cypress/reports/html/.jsons"
      },
      "version": "6.2.0"
    }
  }
}