{
  "stats": {
    "suites": 1,
    "tests": 2,
    "passes": 2,
    "pending": 0,
    "failures": 0,
    "start": "2025-02-01T14:33:26.103Z",
    "end": "2025-02-01T14:33:36.634Z",
    "duration": 10531,
    "testsRegistered": 2,
    "passPercent": 100,
    "pendingPercent": 0,
    "other": 0,
    "hasOther": false,
    "skipped": 0,
    "hasSkipped": false
  },
  "results": [
    {
      "uuid": "cf79dcc1-ccde-4c3f-8f75-2dd5d8b57d6f",
      "title": "",
      "fullFile": "cypress/e2e/udemy-cypress-egitim/FixtureKullanimi.cy.js",
      "file": "cypress/e2e/udemy-cypress-egitim/FixtureKullanimi.cy.js",
      "beforeHooks": [],
      "afterHooks": [],
      "tests": [],
      "suites": [
        {
          "uuid": "683ff35e-6cfc-41b2-9feb-5b977f59fd65",
          "title": "Cypress Fixture Commands",
          "fullFile": "",
          "file": "",
          "beforeHooks": [],
          "afterHooks": [],
          "tests": [
            {
              "title": "Cypress Fixture Data Kullanim Ornekler Invalid username Valid pasword",
              "fullTitle": "Cypress Fixture Commands Cypress Fixture Data Kullanim Ornekler Invalid username Valid pasword",
              "timedOut": null,
              "duration": 3866,
              "state": "passed",
              "speed": "fast",
              "pass": true,
              "fail": false,
              "pending": false,
              "context": null,
              "code": "cy.fixture(\"loginData\").as('credentials');\ncy.get('@credentials').then(data => {\n  cy.login(data.invalidUsername, data.validPassword);\n});",
              "err": {},
              "uuid": "9a9d1176-69e5-4c9c-bf06-a60464b38366",
              "parentUUID": "683ff35e-6cfc-41b2-9feb-5b977f59fd65",
              "isHook": false,
              "skipped": false
            },
            {
              "title": "Cypress Fixture Data Kullanim Ornekler Valid username Invalid password",
              "fullTitle": "Cypress Fixture Commands Cypress Fixture Data Kullanim Ornekler Valid username Invalid password",
              "timedOut": null,
              "duration": 2989,
              "state": "passed",
              "speed": "fast",
              "pass": true,
              "fail": false,
              "pending": false,
              "context": null,
              "code": "cy.fixture(\"loginData\").as('credentials');\ncy.get('@credentials').then(data => {\n  cy.login(data.validUsername, data.invalidPassword);\n});",
              "err": {},
              "uuid": "6d41740b-304c-42a1-ac56-ead7d18aeccb",
              "parentUUID": "683ff35e-6cfc-41b2-9feb-5b977f59fd65",
              "isHook": false,
              "skipped": false
            }
          ],
          "suites": [],
          "passes": [
            "9a9d1176-69e5-4c9c-bf06-a60464b38366",
            "6d41740b-304c-42a1-ac56-ead7d18aeccb"
          ],
          "failures": [],
          "pending": [],
          "skipped": [],
          "duration": 6855,
          "root": false,
          "rootEmpty": false,
          "_timeout": 2000
        }
      ],
      "passes": [],
      "failures": [],
      "pending": [],
      "skipped": [],
      "duration": 0,
      "root": true,
      "rootEmpty": true,
      "_timeout": 2000
    }
  ],
  "meta": {
    "mocha": {
      "version": "7.0.1"
    },
    "mochawesome": {
      "options": {
        "quiet": false,
        "reportFilename": "mochawesome",
        "saveHtml": false,
        "saveJson": true,
        "consoleReporter": "spec",
        "useInlineDiffs": false,
        "code": true
      },
      "version": "7.1.3"
    },
    "marge": {
      "options": {
        "overwrite": false,
        "html": false,
        "json": true,
        "reportDir": "cypress/reports/html/.jsons"
      },
      "version": "6.2.0"
    }
  }
}