{
  "stats": {
    "suites": 1,
    "tests": 1,
    "passes": 1,
    "pending": 0,
    "failures": 0,
    "start": "2025-01-31T20:48:23.649Z",
    "end": "2025-01-31T20:48:31.243Z",
    "duration": 7594,
    "testsRegistered": 1,
    "passPercent": 100,
    "pendingPercent": 0,
    "other": 0,
    "hasOther": false,
    "skipped": 0,
    "hasSkipped": false
  },
  "results": [
    {
      "uuid": "ba2838fe-a429-43c1-ad92-93e7eba8ad13",
      "title": "",
      "fullFile": "cypress/e2e/udemy-cypress-egitim/Trigger.cy.js",
      "file": "cypress/e2e/udemy-cypress-egitim/Trigger.cy.js",
      "beforeHooks": [],
      "afterHooks": [],
      "tests": [],
      "suites": [
        {
          "uuid": "7e689f27-9476-4db3-bbbd-254e999b4caa",
          "title": "Trigger Kullanimi",
          "fullFile": "",
          "file": "",
          "beforeHooks": [],
          "afterHooks": [],
          "tests": [
            {
              "title": "Mouseover Kullanimi",
              "fullTitle": "Trigger Kullanimi Mouseover Kullanimi",
              "timedOut": null,
              "duration": 4086,
              "state": "passed",
              "speed": "fast",
              "pass": true,
              "fail": false,
              "pending": false,
              "context": null,
              "code": "cy.visit('https://www.amazon.de/');\ncy.get('a#icp-nav-flyout').trigger('mouseover');\ncy.get(\"div#nav-flyout-icp span:nth-child(1) > span > a\").click();",
              "err": {},
              "uuid": "823562ee-96e5-478d-800c-d78dddd9ea38",
              "parentUUID": "7e689f27-9476-4db3-bbbd-254e999b4caa",
              "isHook": false,
              "skipped": false
            }
          ],
          "suites": [],
          "passes": [
            "823562ee-96e5-478d-800c-d78dddd9ea38"
          ],
          "failures": [],
          "pending": [],
          "skipped": [],
          "duration": 4086,
          "root": false,
          "rootEmpty": false,
          "_timeout": 2000
        }
      ],
      "passes": [],
      "failures": [],
      "pending": [],
      "skipped": [],
      "duration": 0,
      "root": true,
      "rootEmpty": true,
      "_timeout": 2000
    }
  ],
  "meta": {
    "mocha": {
      "version": "7.0.1"
    },
    "mochawesome": {
      "options": {
        "quiet": false,
        "reportFilename": "mochawesome",
        "saveHtml": false,
        "saveJson": true,
        "consoleReporter": "spec",
        "useInlineDiffs": false,
        "code": true
      },
      "version": "7.1.3"
    },
    "marge": {
      "options": {
        "overwrite": false,
        "html": false,
        "json": true,
        "reportDir": "cypress/reports/html/.jsons"
      },
      "version": "6.2.0"
    }
  }
}