{
  "stats": {
    "suites": 1,
    "tests": 5,
    "passes": 1,
    "pending": 0,
    "failures": 4,
    "start": "2025-01-31T20:49:17.625Z",
    "end": "2025-01-31T20:49:28.584Z",
    "duration": 10959,
    "testsRegistered": 5,
    "passPercent": 20,
    "pendingPercent": 0,
    "other": 0,
    "hasOther": false,
    "skipped": 0,
    "hasSkipped": false
  },
  "results": [
    {
      "uuid": "a54e3425-ba9d-4652-9a25-0a636b2648b3",
      "title": "",
      "fullFile": "cypress/e2e/udemy-cypress-egitim/temelKomutlar.cy.js",
      "file": "cypress/e2e/udemy-cypress-egitim/temelKomutlar.cy.js",
      "beforeHooks": [],
      "afterHooks": [],
      "tests": [],
      "suites": [
        {
          "uuid": "0df8892e-f8f0-44d4-a0b5-727f01c9efe9",
          "title": "Temel Komutlar",
          "fullFile": "",
          "file": "",
          "beforeHooks": [],
          "afterHooks": [],
          "tests": [
            {
              "title": "Temel Komutlar cy.visit Kullanimi",
              "fullTitle": "Temel Komutlar Temel Komutlar cy.visit Kullanimi",
              "timedOut": null,
              "duration": 738,
              "state": "failed",
              "speed": null,
              "pass": false,
              "fail": true,
              "pending": false,
              "context": "{\n  \"title\": \"cypress-mochawesome-reporter-screenshots\",\n  \"value\": [\n    [\n      \"/udemy-cypress-egitim/temelKomutlar.cy.js/Temel Komutlar -- Temel Komutlar cy.visit Kullanimi (failed).png\"\n    ]\n  ]\n}",
              "code": "cy.visit(\"/\"); //baseUrl tanimlandiysa yani \"/\" işareti baseUrl'e gider.\ncy.visit(\"/commands\"); //https://example.cypress.io/commands adresine gider\ncy.visit(\"https://example.cypress.io/commands\"); //veya burada da yazabiliriz.\ncy.visit({\n  url: \"https://example.cypress.io/\",\n  method: \"GET\"\n});",
              "err": {
                "message": "CypressError: `cy.visit()` failed trying to load:\n\n/\n\nWe failed looking for this file at the path:\n\n/home/mehmet-bilal/Desktop/Project/cypress-framework/\n\nThe internal Cypress web server responded with:\n\n  > 404: Not Found",
                "estack": "CypressError: `cy.visit()` failed trying to load:\n\n/\n\nWe failed looking for this file at the path:\n\n/home/mehmet-bilal/Desktop/Project/cypress-framework/\n\nThe internal Cypress web server responded with:\n\n  > 404: Not Found\n    at <unknown> (http://localhost:46139/__cypress/runner/cypress_runner.js:131374:76)\n    at visitFailedByErr (http://localhost:46139/__cypress/runner/cypress_runner.js:130780:12)\n    at <unknown> (http://localhost:46139/__cypress/runner/cypress_runner.js:131357:13)\n    at tryCatcher (http://localhost:46139/__cypress/runner/cypress_runner.js:1777:23)\n    at Promise._settlePromiseFromHandler (http://localhost:46139/__cypress/runner/cypress_runner.js:1489:31)\n    at Promise._settlePromise (http://localhost:46139/__cypress/runner/cypress_runner.js:1546:18)\n    at Promise._settlePromise0 (http://localhost:46139/__cypress/runner/cypress_runner.js:1591:10)\n    at Promise._settlePromises (http://localhost:46139/__cypress/runner/cypress_runner.js:1667:18)\n    at _drainQueueStep (http://localhost:46139/__cypress/runner/cypress_runner.js:2377:12)\n    at _drainQueue (http://localhost:46139/__cypress/runner/cypress_runner.js:2370:9)\n    at Async._drainQueues (http://localhost:46139/__cypress/runner/cypress_runner.js:2386:5)\n    at Async.drainQueues (http://localhost:46139/__cypress/runner/cypress_runner.js:2256:14)\nFrom Your Spec Code:\n    at Context.eval (webpack://cypress-project/./cypress/e2e/udemy-cypress-egitim/temelKomutlar.cy.js:3:11)",
                "diff": null
              },
              "uuid": "8a171026-a57a-4a57-8c6d-085bee38d27b",
              "parentUUID": "0df8892e-f8f0-44d4-a0b5-727f01c9efe9",
              "isHook": false,
              "skipped": false
            },
            {
              "title": "Temel Komutlar cy.tittle kullanımı",
              "fullTitle": "Temel Komutlar Temel Komutlar cy.tittle kullanımı",
              "timedOut": null,
              "duration": 4872,
              "state": "failed",
              "speed": null,
              "pass": false,
              "fail": true,
              "pending": false,
              "context": "{\n  \"title\": \"cypress-mochawesome-reporter-screenshots\",\n  \"value\": [\n    [\n      \"/udemy-cypress-egitim/temelKomutlar.cy.js/Temel Komutlar -- Temel Komutlar cy.tittle kullanımı (failed).png\"\n    ]\n  ]\n}",
              "code": "cy.title().should('eq', \"cypress.io\"); //tittle tam eşitlik olursa doğrular\ncy.title().should('include', \"cypress\"); //tittle içinde cypress geçerse doğrular\ncy.title().should('contain', \"cypress\"); //tittle içinde cypress geçerse doğrular",
              "err": {
                "message": "AssertionError: Timed out retrying after 4000ms: expected '' to equal 'cypress.io'",
                "estack": "AssertionError: Timed out retrying after 4000ms: expected '' to equal 'cypress.io'\n    at Context.eval (webpack://cypress-project/./cypress/e2e/udemy-cypress-egitim/temelKomutlar.cy.js:12:19)",
                "diff": "+ 'cypress.io'\n"
              },
              "uuid": "08bf8653-67bd-4a5f-ac25-f8a67f6324fb",
              "parentUUID": "0df8892e-f8f0-44d4-a0b5-727f01c9efe9",
              "isHook": false,
              "skipped": false
            },
            {
              "title": "Temel Komutlar cy.url ve cy.location kullanımı",
              "fullTitle": "Temel Komutlar Temel Komutlar cy.url ve cy.location kullanımı",
              "timedOut": null,
              "duration": 445,
              "state": "failed",
              "speed": null,
              "pass": false,
              "fail": true,
              "pending": false,
              "context": "{\n  \"title\": \"cypress-mochawesome-reporter-screenshots\",\n  \"value\": [\n    [\n      \"/udemy-cypress-egitim/temelKomutlar.cy.js/Temel Komutlar -- Temel Komutlar cy.url ve cy.location kullanımı (failed).png\"\n    ]\n  ]\n}",
              "code": "cy.url().should('eq', 'https://example.cypress.io/commands'); //url tam eşitlik olursa doğrular\ncy.url().should('inculde', '/commands'); //url içerisinde commands geçiyorsa doğrular\ncy.location('pathname'.should('eq', '/commands')); // gidilen pathi doğrulamış oluyoruz\ncy.location('protocol'.should('eq', 'https')); // gidilen protokolü doğrulamış oluyoruz\ncy.location('hostname'.should('eq', 'https://example.cypress.io/commands')); // tam eşitlikte doğrular\ncy.location('hostname'.should('include', 'cypress.io')); // cypress.io içerirse hostname doğrular",
              "err": {
                "message": "TypeError: \"pathname\".should is not a function",
                "estack": "TypeError: \"pathname\".should is not a function\n    at Context.eval (webpack://cypress-project/./cypress/e2e/udemy-cypress-egitim/temelKomutlar.cy.js:20:31)\n    at runnable.fn (http://localhost:46139/__cypress/runner/cypress_runner.js:138150:19)\n    at callFn (http://localhost:46139/__cypress/runner/cypress_runner.js:156747:21)\n    at Runnable.run (http://localhost:46139/__cypress/runner/cypress_runner.js:156734:7)\n    at <unknown> (http://localhost:46139/__cypress/runner/cypress_runner.js:162664:30)\n    at PassThroughHandlerContext.finallyHandler (http://localhost:46139/__cypress/runner/cypress_runner.js:4042:23)\n    at PassThroughHandlerContext.tryCatcher (http://localhost:46139/__cypress/runner/cypress_runner.js:1777:23)\n    at Promise._settlePromiseFromHandler (http://localhost:46139/__cypress/runner/cypress_runner.js:1489:31)\n    at Promise._settlePromise (http://localhost:46139/__cypress/runner/cypress_runner.js:1546:18)",
                "diff": null
              },
              "uuid": "dd0343ca-38bb-40e0-81f7-8122c42d2d50",
              "parentUUID": "0df8892e-f8f0-44d4-a0b5-727f01c9efe9",
              "isHook": false,
              "skipped": false
            },
            {
              "title": "Temel Komutlar cy.get kullanımı",
              "fullTitle": "Temel Komutlar Temel Komutlar cy.get kullanımı",
              "timedOut": null,
              "duration": 4699,
              "state": "failed",
              "speed": null,
              "pass": false,
              "fail": true,
              "pending": false,
              "context": "{\n  \"title\": \"cypress-mochawesome-reporter-screenshots\",\n  \"value\": [\n    [\n      \"/udemy-cypress-egitim/temelKomutlar.cy.js/Temel Komutlar -- Temel Komutlar cy.get kullanımı (failed).png\"\n    ]\n  ]\n}",
              "code": "cy.get(\"#button\"); //doğru kullanım\ncy.get(\"#button\").as('deneme'); //cy.get('@deneme')",
              "err": {
                "message": "AssertionError: Timed out retrying after 4000ms: Expected to find element: `#button`, but never found it.",
                "estack": "AssertionError: Timed out retrying after 4000ms: Expected to find element: `#button`, but never found it.\n    at Context.eval (webpack://cypress-project/./cypress/e2e/udemy-cypress-egitim/temelKomutlar.cy.js:26:11)",
                "diff": null
              },
              "uuid": "3d30cd94-814b-4425-9676-064b391e2aed",
              "parentUUID": "0df8892e-f8f0-44d4-a0b5-727f01c9efe9",
              "isHook": false,
              "skipped": false
            },
            {
              "title": "Temel Komutlar cy.log kullanımı",
              "fullTitle": "Temel Komutlar Temel Komutlar cy.log kullanımı",
              "timedOut": null,
              "duration": 9,
              "state": "passed",
              "speed": "fast",
              "pass": true,
              "fail": false,
              "pending": false,
              "context": null,
              "code": "cy.log('Temel Komut cy.log kullanımı'); //testimizi çalıştırdığımızda bu mesaj gözükecektir",
              "err": {},
              "uuid": "10ab5fee-5e1b-4c8f-98f2-8d01a4b352ab",
              "parentUUID": "0df8892e-f8f0-44d4-a0b5-727f01c9efe9",
              "isHook": false,
              "skipped": false
            }
          ],
          "suites": [],
          "passes": [
            "10ab5fee-5e1b-4c8f-98f2-8d01a4b352ab"
          ],
          "failures": [
            "8a171026-a57a-4a57-8c6d-085bee38d27b",
            "08bf8653-67bd-4a5f-ac25-f8a67f6324fb",
            "dd0343ca-38bb-40e0-81f7-8122c42d2d50",
            "3d30cd94-814b-4425-9676-064b391e2aed"
          ],
          "pending": [],
          "skipped": [],
          "duration": 10763,
          "root": false,
          "rootEmpty": false,
          "_timeout": 2000
        }
      ],
      "passes": [],
      "failures": [],
      "pending": [],
      "skipped": [],
      "duration": 0,
      "root": true,
      "rootEmpty": true,
      "_timeout": 2000
    }
  ],
  "meta": {
    "mocha": {
      "version": "7.0.1"
    },
    "mochawesome": {
      "options": {
        "quiet": false,
        "reportFilename": "mochawesome",
        "saveHtml": false,
        "saveJson": true,
        "consoleReporter": "spec",
        "useInlineDiffs": false,
        "code": true
      },
      "version": "7.1.3"
    },
    "marge": {
      "options": {
        "overwrite": false,
        "html": false,
        "json": true,
        "reportDir": "cypress/reports/html/.jsons"
      },
      "version": "6.2.0"
    }
  }
}