{
  "stats": {
    "suites": 1,
    "tests": 2,
    "passes": 2,
    "pending": 0,
    "failures": 0,
    "start": "2025-01-31T20:48:13.091Z",
    "end": "2025-01-31T20:48:17.202Z",
    "duration": 4111,
    "testsRegistered": 2,
    "passPercent": 100,
    "pendingPercent": 0,
    "other": 0,
    "hasOther": false,
    "skipped": 0,
    "hasSkipped": false
  },
  "results": [
    {
      "uuid": "3fa7c875-72ce-4d3c-822e-f2e07fc2fcde",
      "title": "",
      "fullFile": "cypress/e2e/udemy-cypress-egitim/TestIsolation.cy.js",
      "file": "cypress/e2e/udemy-cypress-egitim/TestIsolation.cy.js",
      "beforeHooks": [],
      "afterHooks": [],
      "tests": [],
      "suites": [
        {
          "uuid": "44976d02-6213-47a7-8d68-eba842e71ae9",
          "title": "Cypress Test Isolation",
          "fullFile": "",
          "file": "",
          "beforeHooks": [],
          "afterHooks": [],
          "tests": [
            {
              "title": "Dosya yukleme - 1",
              "fullTitle": "Cypress Test Isolation Dosya yukleme - 1",
              "timedOut": null,
              "duration": 1694,
              "state": "passed",
              "speed": "fast",
              "pass": true,
              "fail": false,
              "pending": false,
              "context": null,
              "code": "cy.visit('https://www.qrcode-monkey.com/');\ncy.get('div:nth-child(3) > div.pane-header > h3').click();\ncy.get('.logo-preview').attachFile({\n  filePath: \"en-nesyri.jpg\"\n}, {\n  subjectType: 'drag-n-drop'\n});",
              "err": {},
              "uuid": "e2196bfa-4061-494b-9087-be2dbcdbeb97",
              "parentUUID": "44976d02-6213-47a7-8d68-eba842e71ae9",
              "isHook": false,
              "skipped": false
            },
            {
              "title": "Dosya yukleme - 2",
              "fullTitle": "Cypress Test Isolation Dosya yukleme - 2",
              "timedOut": null,
              "duration": 55,
              "state": "passed",
              "speed": "fast",
              "pass": true,
              "fail": false,
              "pending": false,
              "context": null,
              "code": "const fileName = 'aslan.jpg';\ncy.fixture('dzeko.jpg').then(Cypress.Blob.base64StringToBlob) //convert islemi icin\n.then(fileContent => {\n  cy.get('.logo-preview').attachFile({\n    fileContent,\n    fileName,\n    mimeType: 'image/**'\n  }, {\n    subjectType: 'drag-n-drop'\n  });\n});",
              "err": {},
              "uuid": "d73c2c51-27bc-442e-9cda-c4d27b5522df",
              "parentUUID": "44976d02-6213-47a7-8d68-eba842e71ae9",
              "isHook": false,
              "skipped": false
            }
          ],
          "suites": [],
          "passes": [
            "e2196bfa-4061-494b-9087-be2dbcdbeb97",
            "d73c2c51-27bc-442e-9cda-c4d27b5522df"
          ],
          "failures": [],
          "pending": [],
          "skipped": [],
          "duration": 1749,
          "root": false,
          "rootEmpty": false,
          "_timeout": 2000
        }
      ],
      "passes": [],
      "failures": [],
      "pending": [],
      "skipped": [],
      "duration": 0,
      "root": true,
      "rootEmpty": true,
      "_timeout": 2000
    }
  ],
  "meta": {
    "mocha": {
      "version": "7.0.1"
    },
    "mochawesome": {
      "options": {
        "quiet": false,
        "reportFilename": "mochawesome",
        "saveHtml": false,
        "saveJson": true,
        "consoleReporter": "spec",
        "useInlineDiffs": false,
        "code": true
      },
      "version": "7.1.3"
    },
    "marge": {
      "options": {
        "overwrite": false,
        "html": false,
        "json": true,
        "reportDir": "cypress/reports/html/.jsons"
      },
      "version": "6.2.0"
    }
  }
}