{
  "stats": {
    "suites": 1,
    "tests": 1,
    "passes": 1,
    "pending": 0,
    "failures": 0,
    "start": "2025-01-31T20:45:10.535Z",
    "end": "2025-01-31T20:45:21.682Z",
    "duration": 11147,
    "testsRegistered": 1,
    "passPercent": 100,
    "pendingPercent": 0,
    "other": 0,
    "hasOther": false,
    "skipped": 0,
    "hasSkipped": false
  },
  "results": [
    {
      "uuid": "62315938-fdc0-4106-802a-d33741e7189c",
      "title": "",
      "fullFile": "cypress/e2e/udemy-cypress-egitim/LoadingBar.cy.js",
      "file": "cypress/e2e/udemy-cypress-egitim/LoadingBar.cy.js",
      "beforeHooks": [],
      "afterHooks": [],
      "tests": [],
      "suites": [
        {
          "uuid": "8f1ffb2d-528f-498b-9a84-55f60a1f8e89",
          "title": "Loading Bar Testing",
          "fullFile": "",
          "file": "",
          "beforeHooks": [],
          "afterHooks": [],
          "tests": [
            {
              "title": "Loading bar",
              "fullTitle": "Loading Bar Testing Loading bar",
              "timedOut": null,
              "duration": 7638,
              "state": "passed",
              "speed": "medium",
              "pass": true,
              "fail": false,
              "pending": false,
              "context": null,
              "code": "cy.visit('https://the-internet.herokuapp.com/dynamic_loading/1');\ncy.get('button').click();\ncy.get('#loading', {\n  timeout: 10000\n}).should('have.attr', 'style', 'display: none;');\ncy.get('#finish > h4').should('be.visible').and('contain', 'Hello World');",
              "err": {},
              "uuid": "4ecf7962-55c7-4e57-9945-f3076e7d740f",
              "parentUUID": "8f1ffb2d-528f-498b-9a84-55f60a1f8e89",
              "isHook": false,
              "skipped": false
            }
          ],
          "suites": [],
          "passes": [
            "4ecf7962-55c7-4e57-9945-f3076e7d740f"
          ],
          "failures": [],
          "pending": [],
          "skipped": [],
          "duration": 7638,
          "root": false,
          "rootEmpty": false,
          "_timeout": 2000
        }
      ],
      "passes": [],
      "failures": [],
      "pending": [],
      "skipped": [],
      "duration": 0,
      "root": true,
      "rootEmpty": true,
      "_timeout": 2000
    }
  ],
  "meta": {
    "mocha": {
      "version": "7.0.1"
    },
    "mochawesome": {
      "options": {
        "quiet": false,
        "reportFilename": "mochawesome",
        "saveHtml": false,
        "saveJson": true,
        "consoleReporter": "spec",
        "useInlineDiffs": false,
        "code": true
      },
      "version": "7.1.3"
    },
    "marge": {
      "options": {
        "overwrite": false,
        "html": false,
        "json": true,
        "reportDir": "cypress/reports/html/.jsons"
      },
      "version": "6.2.0"
    }
  }
}