{
  "stats": {
    "suites": 1,
    "tests": 1,
    "passes": 0,
    "pending": 0,
    "failures": 1,
    "start": "2025-02-01T14:30:11.763Z",
    "end": "2025-02-01T14:30:20.118Z",
    "duration": 8355,
    "testsRegistered": 1,
    "passPercent": 0,
    "pendingPercent": 0,
    "other": 0,
    "hasOther": false,
    "skipped": 0,
    "hasSkipped": false
  },
  "results": [
    {
      "uuid": "454b2678-6c71-4b4d-9c80-a8d3b852ade8",
      "title": "",
      "fullFile": "cypress/e2e/udemy-cypress-egitim/Assertions.cy.js",
      "file": "cypress/e2e/udemy-cypress-egitim/Assertions.cy.js",
      "beforeHooks": [],
      "afterHooks": [],
      "tests": [],
      "suites": [
        {
          "uuid": "5018d4c2-ce05-44a4-9777-6119f818a7ab",
          "title": "Cypress Assertions Kullanımı",
          "fullFile": "",
          "file": "",
          "beforeHooks": [],
          "afterHooks": [],
          "tests": [
            {
              "title": "Assertion Kullanım Örnekleri",
              "fullTitle": "Cypress Assertions Kullanımı Assertion Kullanım Örnekleri",
              "timedOut": null,
              "duration": 5960,
              "state": "failed",
              "speed": null,
              "pass": false,
              "fail": true,
              "pending": false,
              "context": "{\n  \"title\": \"cypress-mochawesome-reporter-screenshots\",\n  \"value\": [\n    [\n      \"/udemy-cypress-egitim/Assertions.cy.js/Cypress Assertions Kullanımı -- Assertion Kullanım Örnekleri (failed).png\"\n    ]\n  ]\n}",
              "code": "cy.visit('https://shopist.io/');\ncy.title().should('eq', 'Shop.ist');\ncy.url().should('contain', 'shop');\ncy.get('#main section > a > div > div:nth-child(1)').should('be.visible'); //selectorun görünür olup olmadığına baktık\ncy.get('#main section > a > div > div:nth-child(1)').should('be.visible').and('contain', 'Shop'); //burada ise hem görünür mü? Hem de içerisinde \"Shop diye bir kelime var mı ona baktık\"\ncy.get('#main section > a > div > div:nth-child(1)').should('contain', 'Shop'); // burada ise selectorun içerisinde sadece \"Shop\" kelimesi var mı onu kontrol ediyor.\ncy.get('#main section > a > div > div:nth-child(1)').should('have.text', 'Shop the look'); // burada selectorun içerisindeki bütün textin doğruluğunu kontrol ediypr\ncy.get('#main section > a').should('have.attr', 'href', '/department/chairs'); // Seçilen linkin (<a> elementi), href özelliğinin /department/chairs olup olmadığını kontrol eder.",
              "err": {
                "message": "AssertionError: Timed out retrying after 4000ms: expected '<div>' to be 'visible'\n\nThis element `<div>` is not visible because its parent `<div.jumbotron-box.jumbotron-box-small>` has CSS property: `display: none`",
                "estack": "AssertionError: Timed out retrying after 4000ms: expected '<div>' to be 'visible'\n\nThis element `<div>` is not visible because its parent `<div.jumbotron-box.jumbotron-box-small>` has CSS property: `display: none`\n    at Context.eval (webpack://cypress-project/./cypress/e2e/udemy-cypress-egitim/Assertions.cy.js:8:61)",
                "diff": null
              },
              "uuid": "4f6e68fb-dd34-4cb1-97ad-463c4e16f5d0",
              "parentUUID": "5018d4c2-ce05-44a4-9777-6119f818a7ab",
              "isHook": false,
              "skipped": false
            }
          ],
          "suites": [],
          "passes": [],
          "failures": [
            "4f6e68fb-dd34-4cb1-97ad-463c4e16f5d0"
          ],
          "pending": [],
          "skipped": [],
          "duration": 5960,
          "root": false,
          "rootEmpty": false,
          "_timeout": 2000
        }
      ],
      "passes": [],
      "failures": [],
      "pending": [],
      "skipped": [],
      "duration": 0,
      "root": true,
      "rootEmpty": true,
      "_timeout": 2000
    }
  ],
  "meta": {
    "mocha": {
      "version": "7.0.1"
    },
    "mochawesome": {
      "options": {
        "quiet": false,
        "reportFilename": "mochawesome",
        "saveHtml": false,
        "saveJson": true,
        "consoleReporter": "spec",
        "useInlineDiffs": false,
        "code": true
      },
      "version": "7.1.3"
    },
    "marge": {
      "options": {
        "overwrite": false,
        "html": false,
        "json": true,
        "reportDir": "cypress/reports/html/.jsons"
      },
      "version": "6.2.0"
    }
  }
}