{
  "stats": {
    "suites": 1,
    "tests": 2,
    "passes": 2,
    "pending": 0,
    "failures": 0,
    "start": "2025-02-01T14:35:54.302Z",
    "end": "2025-02-01T14:36:45.405Z",
    "duration": 51103,
    "testsRegistered": 2,
    "passPercent": 100,
    "pendingPercent": 0,
    "other": 0,
    "hasOther": false,
    "skipped": 0,
    "hasSkipped": false
  },
  "results": [
    {
      "uuid": "7ef743eb-2824-4663-bd49-b69f8a07757c",
      "title": "",
      "fullFile": "cypress/e2e/udemy-cypress-egitim/SlownDown.cy.js",
      "file": "cypress/e2e/udemy-cypress-egitim/SlownDown.cy.js",
      "beforeHooks": [],
      "afterHooks": [],
      "tests": [],
      "suites": [
        {
          "uuid": "2f3973a9-3395-4be9-b196-f9781e99e5a6",
          "title": "Slow Down Kullanimi",
          "fullFile": "",
          "file": "",
          "beforeHooks": [],
          "afterHooks": [],
          "tests": [
            {
              "title": "slowdown ile ornek test",
              "fullTitle": "Slow Down Kullanimi slowdown ile ornek test",
              "timedOut": null,
              "duration": 20753,
              "state": "passed",
              "speed": "slow",
              "pass": true,
              "fail": false,
              "pending": false,
              "context": null,
              "code": "cy.slowDown(2000);\ncy.visit('https://automationexercise.com/login');\ncy.get(\"input[data-qa='login-email']\").type(fakeEmail);\n//cy.slowDownEnd() //durdurmak için\ncy.get(\"input[data-qa='login-password']\").type(fakePassword);\ncy.get(\"[data-qa='login-button']\").click();",
              "err": {},
              "uuid": "da608016-742f-4639-bae8-d8d659b29a1c",
              "parentUUID": "2f3973a9-3395-4be9-b196-f9781e99e5a6",
              "isHook": false,
              "skipped": false
            },
            {
              "title": "slowdown ile ornek test-2",
              "fullTitle": "Slow Down Kullanimi slowdown ile ornek test-2",
              "timedOut": null,
              "duration": 19930,
              "state": "passed",
              "speed": "slow",
              "pass": true,
              "fail": false,
              "pending": false,
              "context": null,
              "code": "cy.visit('https://automationexercise.com/login');\ncy.get(\"input[data-qa='login-email']\").type(fakeName);\ncy.get(\"input[data-qa='login-password']\").type(fakePassword);\ncy.get(\"[data-qa='login-button']\").click();\ncy.get(\"input[data-qa='login-email']\").invoke('prop', \"validationMessage\").should('eq', `Please include an '@' in the email address. '${fakeName}' is missing an '@'.`);",
              "err": {},
              "uuid": "01269503-c119-4b6b-af3a-f2e93496e07e",
              "parentUUID": "2f3973a9-3395-4be9-b196-f9781e99e5a6",
              "isHook": false,
              "skipped": false
            }
          ],
          "suites": [],
          "passes": [
            "da608016-742f-4639-bae8-d8d659b29a1c",
            "01269503-c119-4b6b-af3a-f2e93496e07e"
          ],
          "failures": [],
          "pending": [],
          "skipped": [],
          "duration": 40683,
          "root": false,
          "rootEmpty": false,
          "_timeout": 2000
        }
      ],
      "passes": [],
      "failures": [],
      "pending": [],
      "skipped": [],
      "duration": 0,
      "root": true,
      "rootEmpty": true,
      "_timeout": 2000
    }
  ],
  "meta": {
    "mocha": {
      "version": "7.0.1"
    },
    "mochawesome": {
      "options": {
        "quiet": false,
        "reportFilename": "mochawesome",
        "saveHtml": false,
        "saveJson": true,
        "consoleReporter": "spec",
        "useInlineDiffs": false,
        "code": true
      },
      "version": "7.1.3"
    },
    "marge": {
      "options": {
        "overwrite": false,
        "html": false,
        "json": true,
        "reportDir": "cypress/reports/html/.jsons"
      },
      "version": "6.2.0"
    }
  }
}