{
  "stats": {
    "suites": 1,
    "tests": 1,
    "passes": 0,
    "pending": 0,
    "failures": 1,
    "start": "2025-01-31T20:46:10.735Z",
    "end": "2025-01-31T20:46:31.780Z",
    "duration": 21045,
    "testsRegistered": 1,
    "passPercent": 0,
    "pendingPercent": 0,
    "other": 0,
    "hasOther": false,
    "skipped": 0,
    "hasSkipped": false
  },
  "results": [
    {
      "uuid": "24028772-9be4-4e23-89c9-afe01abed226",
      "title": "",
      "fullFile": "cypress/e2e/udemy-cypress-egitim/SessionOrnek.cy.js",
      "file": "cypress/e2e/udemy-cypress-egitim/SessionOrnek.cy.js",
      "beforeHooks": [],
      "afterHooks": [],
      "tests": [],
      "suites": [
        {
          "uuid": "f32b9261-e67c-453a-b11a-0d2e65d3e5e5",
          "title": "Cypress Session Kullanimi",
          "fullFile": "",
          "file": "",
          "beforeHooks": [],
          "afterHooks": [],
          "tests": [
            {
              "title": "Siteye git ve bir makale ekle",
              "fullTitle": "Cypress Session Kullanimi Siteye git ve bir makale ekle",
              "timedOut": null,
              "duration": 15257,
              "state": "failed",
              "speed": null,
              "pass": false,
              "fail": true,
              "pending": false,
              "context": "{\n  \"title\": \"cypress-mochawesome-reporter-screenshots\",\n  \"value\": [\n    [\n      \"/udemy-cypress-egitim/SessionOrnek.cy.js/Cypress Session Kullanimi -- Siteye git ve bir makale ekle (failed).png\"\n    ]\n  ]\n}",
              "code": "cy.visit('https://write.as/');\ncy.get(\"textarea#writer\").type(randomTitle);\ncy.get('button#publish').click();\ncy.get('div#clip h1 > a > img.ic-18dp').trigger('mouseover');\ncy.get(\"div#clip li > ul > li:nth-child(1) > a\").click();\ncy.get(\"div#official-writing a:nth-child(5)\").click();\ncy.get(\"article#post-bpu497u23kcihhim a.user.hidden.delete.action\").click();",
              "err": {
                "message": "AssertionError: Timed out retrying after 4000ms: Expected to find element: `article#post-bpu497u23kcihhim a.user.hidden.delete.action`, but never found it.",
                "estack": "AssertionError: Timed out retrying after 4000ms: Expected to find element: `article#post-bpu497u23kcihhim a.user.hidden.delete.action`, but never found it.\n    at Context.eval (webpack://cypress-project/./cypress/e2e/udemy-cypress-egitim/SessionOrnek.cy.js:17:11)",
                "diff": null
              },
              "uuid": "cdbcf13a-6abc-4802-aa61-9d51f6ec23e0",
              "parentUUID": "f32b9261-e67c-453a-b11a-0d2e65d3e5e5",
              "isHook": false,
              "skipped": false
            }
          ],
          "suites": [],
          "passes": [],
          "failures": [
            "cdbcf13a-6abc-4802-aa61-9d51f6ec23e0"
          ],
          "pending": [],
          "skipped": [],
          "duration": 15257,
          "root": false,
          "rootEmpty": false,
          "_timeout": 2000
        }
      ],
      "passes": [],
      "failures": [],
      "pending": [],
      "skipped": [],
      "duration": 0,
      "root": true,
      "rootEmpty": true,
      "_timeout": 2000
    }
  ],
  "meta": {
    "mocha": {
      "version": "7.0.1"
    },
    "mochawesome": {
      "options": {
        "quiet": false,
        "reportFilename": "mochawesome",
        "saveHtml": false,
        "saveJson": true,
        "consoleReporter": "spec",
        "useInlineDiffs": false,
        "code": true
      },
      "version": "7.1.3"
    },
    "marge": {
      "options": {
        "overwrite": false,
        "html": false,
        "json": true,
        "reportDir": "cypress/reports/html/.jsons"
      },
      "version": "6.2.0"
    }
  }
}