{
  "stats": {
    "suites": 1,
    "tests": 1,
    "passes": 1,
    "pending": 0,
    "failures": 0,
    "start": "2025-01-31T20:43:54.764Z",
    "end": "2025-01-31T20:44:00.569Z",
    "duration": 5805,
    "testsRegistered": 1,
    "passPercent": 100,
    "pendingPercent": 0,
    "other": 0,
    "hasOther": false,
    "skipped": 0,
    "hasSkipped": false
  },
  "results": [
    {
      "uuid": "741fad36-c045-4726-8306-562a101a2477",
      "title": "",
      "fullFile": "cypress/e2e/udemy-cypress-egitim/EnVariables.cy.js",
      "file": "cypress/e2e/udemy-cypress-egitim/EnVariables.cy.js",
      "beforeHooks": [],
      "afterHooks": [],
      "tests": [],
      "suites": [
        {
          "uuid": "fae1fd4e-f0a8-4b71-bc29-dbccf74a4ed3",
          "title": "Cypress En Variables",
          "fullFile": "",
          "file": "",
          "beforeHooks": [],
          "afterHooks": [],
          "tests": [
            {
              "title": "Ortam Değişkenleri Kullanım Örnekleri",
              "fullTitle": "Cypress En Variables Ortam Değişkenleri Kullanım Örnekleri",
              "timedOut": null,
              "duration": 3273,
              "state": "passed",
              "speed": "fast",
              "pass": true,
              "fail": false,
              "pending": false,
              "context": null,
              "code": "cy.visit(Cypress.env('amazon'));",
              "err": {},
              "uuid": "20ba4a22-0b82-45be-bdab-61fe125dfebd",
              "parentUUID": "fae1fd4e-f0a8-4b71-bc29-dbccf74a4ed3",
              "isHook": false,
              "skipped": false
            }
          ],
          "suites": [],
          "passes": [
            "20ba4a22-0b82-45be-bdab-61fe125dfebd"
          ],
          "failures": [],
          "pending": [],
          "skipped": [],
          "duration": 3273,
          "root": false,
          "rootEmpty": false,
          "_timeout": 2000
        }
      ],
      "passes": [],
      "failures": [],
      "pending": [],
      "skipped": [],
      "duration": 0,
      "root": true,
      "rootEmpty": true,
      "_timeout": 2000
    }
  ],
  "meta": {
    "mocha": {
      "version": "7.0.1"
    },
    "mochawesome": {
      "options": {
        "quiet": false,
        "reportFilename": "mochawesome",
        "saveHtml": false,
        "saveJson": true,
        "consoleReporter": "spec",
        "useInlineDiffs": false,
        "code": true
      },
      "version": "7.1.3"
    },
    "marge": {
      "options": {
        "overwrite": false,
        "html": false,
        "json": true,
        "reportDir": "cypress/reports/html/.jsons"
      },
      "version": "6.2.0"
    }
  }
}