{
  "stats": {
    "suites": 1,
    "tests": 1,
    "passes": 1,
    "pending": 0,
    "failures": 0,
    "start": "2025-01-31T20:41:16.137Z",
    "end": "2025-01-31T20:41:26.239Z",
    "duration": 10102,
    "testsRegistered": 1,
    "passPercent": 100,
    "pendingPercent": 0,
    "other": 0,
    "hasOther": false,
    "skipped": 0,
    "hasSkipped": false
  },
  "results": [
    {
      "uuid": "32c385d9-14ea-4649-92ca-3c6d7ecfc1a9",
      "title": "",
      "fullFile": "cypress/e2e/udemy-cypress-egitim/AliasThenEachWrap.cy.js",
      "file": "cypress/e2e/udemy-cypress-egitim/AliasThenEachWrap.cy.js",
      "beforeHooks": [],
      "afterHooks": [],
      "tests": [],
      "suites": [
        {
          "uuid": "dcce23cc-c456-42a7-9e0f-36a2a8610cc7",
          "title": "Alias, Then, Each, Wrap",
          "fullFile": "",
          "file": "",
          "beforeHooks": [],
          "afterHooks": [],
          "tests": [
            {
              "title": "Kullanim Örnekleri",
              "fullTitle": "Alias, Then, Each, Wrap Kullanim Örnekleri",
              "timedOut": null,
              "duration": 6891,
              "state": "passed",
              "speed": "medium",
              "pass": true,
              "fail": false,
              "pending": false,
              "context": null,
              "code": "let itemlength;\ncy.visit('https://shopist.io/');\ncy.get('.navbar-section a').should('be.visible').as('NavbarMenus'); //Alias olarak\ncy.get('@NavbarMenus').then($el => {\n  itemlength = $el.length;\n}).each(($el, index) => {\n  cy.log('Navbar Menu ' + index + \": \" + $el.text());\n  if ($el.text().includes('Cart')) {\n    cy.wrap($el).click();\n  }\n});",
              "err": {},
              "uuid": "cb37cd30-7395-4134-8f44-8258aa20f69c",
              "parentUUID": "dcce23cc-c456-42a7-9e0f-36a2a8610cc7",
              "isHook": false,
              "skipped": false
            }
          ],
          "suites": [],
          "passes": [
            "cb37cd30-7395-4134-8f44-8258aa20f69c"
          ],
          "failures": [],
          "pending": [],
          "skipped": [],
          "duration": 6891,
          "root": false,
          "rootEmpty": false,
          "_timeout": 2000
        }
      ],
      "passes": [],
      "failures": [],
      "pending": [],
      "skipped": [],
      "duration": 0,
      "root": true,
      "rootEmpty": true,
      "_timeout": 2000
    }
  ],
  "meta": {
    "mocha": {
      "version": "7.0.1"
    },
    "mochawesome": {
      "options": {
        "quiet": false,
        "reportFilename": "mochawesome",
        "saveHtml": false,
        "saveJson": true,
        "consoleReporter": "spec",
        "useInlineDiffs": false,
        "code": true
      },
      "version": "7.1.3"
    },
    "marge": {
      "options": {
        "overwrite": false,
        "html": false,
        "json": true,
        "reportDir": "cypress/reports/html/.jsons"
      },
      "version": "6.2.0"
    }
  }
}