{
  "stats": {
    "suites": 1,
    "tests": 2,
    "passes": 1,
    "pending": 0,
    "failures": 1,
    "start": "2025-01-31T20:43:00.283Z",
    "end": "2025-01-31T20:43:11.125Z",
    "duration": 10842,
    "testsRegistered": 2,
    "passPercent": 50,
    "pendingPercent": 0,
    "other": 0,
    "hasOther": false,
    "skipped": 0,
    "hasSkipped": false
  },
  "results": [
    {
      "uuid": "678e7922-4064-452a-b4fe-734479e9a0bb",
      "title": "",
      "fullFile": "cypress/e2e/udemy-cypress-egitim/ClearCookies.cy.js",
      "file": "cypress/e2e/udemy-cypress-egitim/ClearCookies.cy.js",
      "beforeHooks": [],
      "afterHooks": [],
      "tests": [],
      "suites": [
        {
          "uuid": "3ef003f0-7a27-4841-814f-e722b943414b",
          "title": "Cypress Clear Cookies",
          "fullFile": "",
          "file": "",
          "beforeHooks": [],
          "afterHooks": [],
          "tests": [
            {
              "title": "Dosya yukleme - 1",
              "fullTitle": "Cypress Clear Cookies Dosya yukleme - 1",
              "timedOut": null,
              "duration": 2495,
              "state": "passed",
              "speed": "fast",
              "pass": true,
              "fail": false,
              "pending": false,
              "context": null,
              "code": "cy.visit('https://www.qrcode-monkey.com/');\ncy.getCookies();\ncy.clearCookies();\ncy.getCookies().should('have.length', 0);\ncy.get('div:nth-child(3) > div.pane-header > h3').click();\ncy.get('.logo-preview').attachFile({\n  filePath: \"en-nesyri.jpg\"\n}, {\n  subjectType: 'drag-n-drop'\n});",
              "err": {},
              "uuid": "35b00cbd-295c-477f-9175-9b52f5f11b4f",
              "parentUUID": "3ef003f0-7a27-4841-814f-e722b943414b",
              "isHook": false,
              "skipped": false
            },
            {
              "title": "Dosya yukleme - 2",
              "fullTitle": "Cypress Clear Cookies Dosya yukleme - 2",
              "timedOut": null,
              "duration": 4613,
              "state": "failed",
              "speed": null,
              "pass": false,
              "fail": true,
              "pending": false,
              "context": "{\n  \"title\": \"cypress-mochawesome-reporter-screenshots\",\n  \"value\": [\n    [\n      \"/udemy-cypress-egitim/ClearCookies.cy.js/Cypress Clear Cookies -- Dosya yukleme - 2 (failed).png\"\n    ]\n  ]\n}",
              "code": "const fileName = 'aslan.jpg';\ncy.fixture('dzeko.jpg').then(Cypress.Blob.base64StringToBlob) //convert islemi icin\n.then(fileContent => {\n  cy.get('.logo-preview').attachFile({\n    fileContent,\n    fileName,\n    mimeType: 'image/**'\n  }, {\n    subjectType: 'drag-n-drop'\n  });\n});",
              "err": {
                "message": "AssertionError: Timed out retrying after 4000ms: Expected to find element: `.logo-preview`, but never found it.",
                "estack": "AssertionError: Timed out retrying after 4000ms: Expected to find element: `.logo-preview`, but never found it.\n    at Context.eval (webpack://cypress-project/./cypress/e2e/udemy-cypress-egitim/ClearCookies.cy.js:16:15)\n    at getRet (https://www.qrcode-monkey.com/__cypress/runner/cypress_runner.js:118338:20)\n    at tryCatcher (https://www.qrcode-monkey.com/__cypress/runner/cypress_runner.js:1777:23)\n    at Promise.attempt.Promise.try (https://www.qrcode-monkey.com/__cypress/runner/cypress_runner.js:4285:29)\n    at Context.thenFn (https://www.qrcode-monkey.com/__cypress/runner/cypress_runner.js:118349:66)\n    at Context.then (https://www.qrcode-monkey.com/__cypress/runner/cypress_runner.js:118600:21)\n    at wrapped (https://www.qrcode-monkey.com/__cypress/runner/cypress_runner.js:137883:19)",
                "diff": null
              },
              "uuid": "69ed4da6-747a-43a5-8f63-11ec067a90f9",
              "parentUUID": "3ef003f0-7a27-4841-814f-e722b943414b",
              "isHook": false,
              "skipped": false
            }
          ],
          "suites": [],
          "passes": [
            "35b00cbd-295c-477f-9175-9b52f5f11b4f"
          ],
          "failures": [
            "69ed4da6-747a-43a5-8f63-11ec067a90f9"
          ],
          "pending": [],
          "skipped": [],
          "duration": 7108,
          "root": false,
          "rootEmpty": false,
          "_timeout": 2000
        }
      ],
      "passes": [],
      "failures": [],
      "pending": [],
      "skipped": [],
      "duration": 0,
      "root": true,
      "rootEmpty": true,
      "_timeout": 2000
    }
  ],
  "meta": {
    "mocha": {
      "version": "7.0.1"
    },
    "mochawesome": {
      "options": {
        "quiet": false,
        "reportFilename": "mochawesome",
        "saveHtml": false,
        "saveJson": true,
        "consoleReporter": "spec",
        "useInlineDiffs": false,
        "code": true
      },
      "version": "7.1.3"
    },
    "marge": {
      "options": {
        "overwrite": false,
        "html": false,
        "json": true,
        "reportDir": "cypress/reports/html/.jsons"
      },
      "version": "6.2.0"
    }
  }
}