{
  "stats": {
    "suites": 1,
    "tests": 4,
    "passes": 3,
    "pending": 0,
    "failures": 1,
    "start": "2025-01-31T20:49:03.678Z",
    "end": "2025-01-31T20:49:07.116Z",
    "duration": 3438,
    "testsRegistered": 4,
    "passPercent": 75,
    "pendingPercent": 0,
    "other": 0,
    "hasOther": false,
    "skipped": 0,
    "hasSkipped": false
  },
  "results": [
    {
      "uuid": "cf07a286-bb73-487e-8de7-a9a93516e619",
      "title": "",
      "fullFile": "cypress/e2e/udemy-cypress-egitim/XHRTest.cy.js",
      "file": "cypress/e2e/udemy-cypress-egitim/XHRTest.cy.js",
      "beforeHooks": [],
      "afterHooks": [],
      "tests": [],
      "suites": [
        {
          "uuid": "7dd2b27b-9d04-4ca9-ba21-be3e10a637ff",
          "title": "XHR Test",
          "fullFile": "",
          "file": "",
          "beforeHooks": [],
          "afterHooks": [],
          "tests": [
            {
              "title": "cy.request Kullanimi - 1",
              "fullTitle": "XHR Test cy.request Kullanimi - 1",
              "timedOut": null,
              "duration": 1179,
              "state": "passed",
              "speed": "fast",
              "pass": true,
              "fail": false,
              "pending": false,
              "context": null,
              "code": "cy.request('https://jsonplaceholder.cypress.io/comments').should(response => {\n  expect(response.status).to.eq(200);\n  expect(response.body).to.have.length(500);\n  expect(response).to.have.property('headers');\n});",
              "err": {},
              "uuid": "a2488123-8af9-4807-89b5-8edbe15ed0bc",
              "parentUUID": "7dd2b27b-9d04-4ca9-ba21-be3e10a637ff",
              "isHook": false,
              "skipped": false
            },
            {
              "title": "cy.request Kullanimi - 2",
              "fullTitle": "XHR Test cy.request Kullanimi - 2",
              "timedOut": null,
              "duration": 531,
              "state": "passed",
              "speed": "fast",
              "pass": true,
              "fail": false,
              "pending": false,
              "context": null,
              "code": "cy.request({\n  url: 'https://jsonplaceholder.cypress.io/comments',\n  method: 'GET'\n}).then(response => {\n  expect(response.status).to.eq(200);\n  expect(response.body).to.have.length(500);\n  expect(response).to.have.property('headers');\n});",
              "err": {},
              "uuid": "ca0bcb1b-41ae-4789-bb46-25b2235f10a0",
              "parentUUID": "7dd2b27b-9d04-4ca9-ba21-be3e10a637ff",
              "isHook": false,
              "skipped": false
            },
            {
              "title": "cy.request Kullanimi - 3",
              "fullTitle": "XHR Test cy.request Kullanimi - 3",
              "timedOut": null,
              "duration": 439,
              "state": "passed",
              "speed": "fast",
              "pass": true,
              "fail": false,
              "pending": false,
              "context": null,
              "code": "cy.request('https://jsonplaceholder.cypress.io/comments').its('status')\n// .its('content-type')\n.should('eq', 200);",
              "err": {},
              "uuid": "d8cd7011-f1f8-418c-9d70-7dd294e09407",
              "parentUUID": "7dd2b27b-9d04-4ca9-ba21-be3e10a637ff",
              "isHook": false,
              "skipped": false
            },
            {
              "title": "cy.intercept Kullanimi",
              "fullTitle": "XHR Test cy.intercept Kullanimi",
              "timedOut": null,
              "duration": 568,
              "state": "failed",
              "speed": null,
              "pass": false,
              "fail": true,
              "pending": false,
              "context": "{\n  \"title\": \"cypress-mochawesome-reporter-screenshots\",\n  \"value\": [\n    [\n      \"/udemy-cypress-egitim/XHRTest.cy.js/XHR Test -- cy.intercept Kullanimi (failed).png\"\n    ]\n  ]\n}",
              "code": "cy.intercept('GET', 'url gireceksiniz').as('abc');\ncy.visit('url girip');\ncy.get('#loginbutton').click();\ncy.get('#username').type('deneme');\ncy.get('#password').type('test');\ncy.get('#btn').click();\ncy.wait('@abc');",
              "err": {
                "message": "CypressError: `cy.visit()` failed trying to load:\n\nurl%20girip\n\nWe failed looking for this file at the path:\n\n/home/mehmet-bilal/Desktop/Project/cypress-framework/url girip\n\nThe internal Cypress web server responded with:\n\n  > 404: Not Found",
                "estack": "CypressError: `cy.visit()` failed trying to load:\n\nurl%20girip\n\nWe failed looking for this file at the path:\n\n/home/mehmet-bilal/Desktop/Project/cypress-framework/url girip\n\nThe internal Cypress web server responded with:\n\n  > 404: Not Found\n    at <unknown> (http://localhost:46139/__cypress/runner/cypress_runner.js:131374:76)\n    at visitFailedByErr (http://localhost:46139/__cypress/runner/cypress_runner.js:130780:12)\n    at <unknown> (http://localhost:46139/__cypress/runner/cypress_runner.js:131357:13)\n    at tryCatcher (http://localhost:46139/__cypress/runner/cypress_runner.js:1777:23)\n    at Promise._settlePromiseFromHandler (http://localhost:46139/__cypress/runner/cypress_runner.js:1489:31)\n    at Promise._settlePromise (http://localhost:46139/__cypress/runner/cypress_runner.js:1546:18)\n    at Promise._settlePromise0 (http://localhost:46139/__cypress/runner/cypress_runner.js:1591:10)\n    at Promise._settlePromises (http://localhost:46139/__cypress/runner/cypress_runner.js:1667:18)\n    at _drainQueueStep (http://localhost:46139/__cypress/runner/cypress_runner.js:2377:12)\n    at _drainQueue (http://localhost:46139/__cypress/runner/cypress_runner.js:2370:9)\n    at Async._drainQueues (http://localhost:46139/__cypress/runner/cypress_runner.js:2386:5)\n    at Async.drainQueues (http://localhost:46139/__cypress/runner/cypress_runner.js:2256:14)\nFrom Your Spec Code:\n    at Context.eval (webpack://cypress-project/./cypress/e2e/udemy-cypress-egitim/XHRTest.cy.js:30:11)",
                "diff": null
              },
              "uuid": "910e6c17-5e63-4da3-8848-bff84990a16b",
              "parentUUID": "7dd2b27b-9d04-4ca9-ba21-be3e10a637ff",
              "isHook": false,
              "skipped": false
            }
          ],
          "suites": [],
          "passes": [
            "a2488123-8af9-4807-89b5-8edbe15ed0bc",
            "ca0bcb1b-41ae-4789-bb46-25b2235f10a0",
            "d8cd7011-f1f8-418c-9d70-7dd294e09407"
          ],
          "failures": [
            "910e6c17-5e63-4da3-8848-bff84990a16b"
          ],
          "pending": [],
          "skipped": [],
          "duration": 2717,
          "root": false,
          "rootEmpty": false,
          "_timeout": 2000
        }
      ],
      "passes": [],
      "failures": [],
      "pending": [],
      "skipped": [],
      "duration": 0,
      "root": true,
      "rootEmpty": true,
      "_timeout": 2000
    }
  ],
  "meta": {
    "mocha": {
      "version": "7.0.1"
    },
    "mochawesome": {
      "options": {
        "quiet": false,
        "reportFilename": "mochawesome",
        "saveHtml": false,
        "saveJson": true,
        "consoleReporter": "spec",
        "useInlineDiffs": false,
        "code": true
      },
      "version": "7.1.3"
    },
    "marge": {
      "options": {
        "overwrite": false,
        "html": false,
        "json": true,
        "reportDir": "cypress/reports/html/.jsons"
      },
      "version": "6.2.0"
    }
  }
}