{
  "stats": {
    "suites": 1,
    "tests": 1,
    "passes": 1,
    "pending": 0,
    "failures": 0,
    "start": "2025-01-31T20:45:26.373Z",
    "end": "2025-01-31T20:45:36.252Z",
    "duration": 9879,
    "testsRegistered": 1,
    "passPercent": 100,
    "pendingPercent": 0,
    "other": 0,
    "hasOther": false,
    "skipped": 0,
    "hasSkipped": false
  },
  "results": [
    {
      "uuid": "ebc4bdf6-3c35-4f12-be67-de6aa77bbf95",
      "title": "",
      "fullFile": "cypress/e2e/udemy-cypress-egitim/LocalStorage.cy.js",
      "file": "cypress/e2e/udemy-cypress-egitim/LocalStorage.cy.js",
      "beforeHooks": [],
      "afterHooks": [],
      "tests": [],
      "suites": [
        {
          "uuid": "f3645e18-c69b-4e5a-b90a-a060da6abdfa",
          "title": "Cypress Local Storage",
          "fullFile": "",
          "file": "",
          "beforeHooks": [],
          "afterHooks": [],
          "tests": [
            {
              "title": "Dosya yukleme - 1",
              "fullTitle": "Cypress Local Storage Dosya yukleme - 1",
              "timedOut": null,
              "duration": 6678,
              "state": "passed",
              "speed": "medium",
              "pass": true,
              "fail": false,
              "pending": false,
              "context": null,
              "code": "cy.visit('https://www.qrcode-monkey.com/').then(() => {\n  cy.wait(5000);\n  cy.clearLocalStorage();\n});",
              "err": {},
              "uuid": "a90342d5-ad50-4047-9ea3-f9abc820c82f",
              "parentUUID": "f3645e18-c69b-4e5a-b90a-a060da6abdfa",
              "isHook": false,
              "skipped": false
            }
          ],
          "suites": [],
          "passes": [
            "a90342d5-ad50-4047-9ea3-f9abc820c82f"
          ],
          "failures": [],
          "pending": [],
          "skipped": [],
          "duration": 6678,
          "root": false,
          "rootEmpty": false,
          "_timeout": 2000
        }
      ],
      "passes": [],
      "failures": [],
      "pending": [],
      "skipped": [],
      "duration": 0,
      "root": true,
      "rootEmpty": true,
      "_timeout": 2000
    }
  ],
  "meta": {
    "mocha": {
      "version": "7.0.1"
    },
    "mochawesome": {
      "options": {
        "quiet": false,
        "reportFilename": "mochawesome",
        "saveHtml": false,
        "saveJson": true,
        "consoleReporter": "spec",
        "useInlineDiffs": false,
        "code": true
      },
      "version": "7.1.3"
    },
    "marge": {
      "options": {
        "overwrite": false,
        "html": false,
        "json": true,
        "reportDir": "cypress/reports/html/.jsons"
      },
      "version": "6.2.0"
    }
  }
}